Start testing: Jul 06 11:47 CEST
----------------------------------------------------------
1/1 Testing: progetto.t
1/1 Test: progetto.t
Command: "/home/lambe/PPF/caso/route/repo/repo_route/post_vettoraggio/build/Release/progetto.t"
Directory: /home/lambe/PPF/caso/route/repo/repo_route/post_vettoraggio/build
"progetto.t" start time: Jul 06 11:47 CEST
Output:
----------------------------------------------------------
[doctest] doctest version is "2.4.12"
[doctest] run with "--help" for options
innnnnnnnnnnnnnnnnnnnnnnnnnnnnnnnnnnoneeeeeeeeeeeeeeeeeeeeeeeeee
treeeeeeeeeeeeeeeeeeees
quartooooooooooooooooooooooooooooooooooooooos
cinqueeeeeeeeeeeeeeeeeeeeeeeeeeeeeeeeeeeeee
profondità: 0
oneeeeeeeeeeeeeeeeeeeeeeeeee
treeeeeeeeeeeeeeeeeeees
quartooooooooooooooooooooooooooooooooooooooos
cinqueeeeeeeeeeeeeeeeeeeeeeeeeeeeeeeeeeeeee
profondità: 1
oneeeeeeeeeeeeeeeeeeeeeeeeee
treeeeeeeeeeeeeeeeeeees
quartooooooooooooooooooooooooooooooooooooooos
cinqueeeeeeeeeeeeeeeeeeeeeeeeeeeeeeeeeeeeee
profondità: 2
oneeeeeeeeeeeeeeeeeeeeeeeeee
treeeeeeeeeeeeeeeeeeees
quartooooooooooooooooooooooooooooooooooooooos
cinqueeeeeeeeeeeeeeeeeeeeeeeeeeeeeeeeeeeeee
profondità: 3
oneeeeeeeeeeeeeeeeeeeeeeeeee
treeeeeeeeeeeeeeeeeeees
quartooooooooooooooooooooooooooooooooooooooos
cinqueeeeeeeeeeeeeeeeeeeeeeeeeeeeeeeeeeeeee
profondità: 4
oneeeeeeeeeeeeeeeeeeeeeeeeee
treeeeeeeeeeeeeeeeeeees
quartooooooooooooooooooooooooooooooooooooooos
cinqueeeeeeeeeeeeeeeeeeeeeeeeeeeeeeeeeeeeee
profondità: 5
oneeeeeeeeeeeeeeeeeeeeeeeeee
treeeeeeeeeeeeeeeeeeees
quartooooooooooooooooooooooooooooooooooooooos
cinqueeeeeeeeeeeeeeeeeeeeeeeeeeeeeeeeeeeeee
profondità: 6
oneeeeeeeeeeeeeeeeeeeeeeeeee
treeeeeeeeeeeeeeeeeeees
quartooooooooooooooooooooooooooooooooooooooos
cinqueeeeeeeeeeeeeeeeeeeeeeeeeeeeeeeeeeeeee
profondità: 7
oneeeeeeeeeeeeeeeeeeeeeeeeee
treeeeeeeeeeeeeeeeeeees
quartooooooooooooooooooooooooooooooooooooooos
cinqueeeeeeeeeeeeeeeeeeeeeeeeeeeeeeeeeeeeee
profondità: 8
quartooooooooooooooooooooooooooooooooooooooos
cinqueeeeeeeeeeeeeeeeeeeeeeeeeeeeeeeeeeeeee
profondità: 8
quartooooooooooooooooooooooooooooooooooooooos
cinqueeeeeeeeeeeeeeeeeeeeeeeeeeeeeeeeeeeeee
profondità: 7
oneeeeeeeeeeeeeeeeeeeeeeeeee
treeeeeeeeeeeeeeeeeeees
quartooooooooooooooooooooooooooooooooooooooos
cinqueeeeeeeeeeeeeeeeeeeeeeeeeeeeeeeeeeeeee
profondità: 8
quartooooooooooooooooooooooooooooooooooooooos
cinqueeeeeeeeeeeeeeeeeeeeeeeeeeeeeeeeeeeeee
profondità: 8
quartooooooooooooooooooooooooooooooooooooooos
cinqueeeeeeeeeeeeeeeeeeeeeeeeeeeeeeeeeeeeee
profondità: 6
oneeeeeeeeeeeeeeeeeeeeeeeeee
treeeeeeeeeeeeeeeeeeees
quartooooooooooooooooooooooooooooooooooooooos
cinqueeeeeeeeeeeeeeeeeeeeeeeeeeeeeeeeeeeeee
profondità: 7
oneeeeeeeeeeeeeeeeeeeeeeeeee
treeeeeeeeeeeeeeeeeeees
quartooooooooooooooooooooooooooooooooooooooos
cinqueeeeeeeeeeeeeeeeeeeeeeeeeeeeeeeeeeeeee
profondità: 8
quartooooooooooooooooooooooooooooooooooooooos
cinqueeeeeeeeeeeeeeeeeeeeeeeeeeeeeeeeeeeeee
profondità: 8
quartooooooooooooooooooooooooooooooooooooooos
cinqueeeeeeeeeeeeeeeeeeeeeeeeeeeeeeeeeeeeee
profondità: 7
oneeeeeeeeeeeeeeeeeeeeeeeeee
treeeeeeeeeeeeeeeeeeees
quartooooooooooooooooooooooooooooooooooooooos
cinqueeeeeeeeeeeeeeeeeeeeeeeeeeeeeeeeeeeeee
profondità: 8
quartooooooooooooooooooooooooooooooooooooooos
cinqueeeeeeeeeeeeeeeeeeeeeeeeeeeeeeeeeeeeee
profondità: 8
quartooooooooooooooooooooooooooooooooooooooos
cinqueeeeeeeeeeeeeeeeeeeeeeeeeeeeeeeeeeeeee
profondità: 5
oneeeeeeeeeeeeeeeeeeeeeeeeee
treeeeeeeeeeeeeeeeeeees
quartooooooooooooooooooooooooooooooooooooooos
cinqueeeeeeeeeeeeeeeeeeeeeeeeeeeeeeeeeeeeee
profondità: 6
oneeeeeeeeeeeeeeeeeeeeeeeeee
treeeeeeeeeeeeeeeeeeees
quartooooooooooooooooooooooooooooooooooooooos
cinqueeeeeeeeeeeeeeeeeeeeeeeeeeeeeeeeeeeeee
profondità: 7
oneeeeeeeeeeeeeeeeeeeeeeeeee
treeeeeeeeeeeeeeeeeeees
quartooooooooooooooooooooooooooooooooooooooos
cinqueeeeeeeeeeeeeeeeeeeeeeeeeeeeeeeeeeeeee
profondità: 8
quartooooooooooooooooooooooooooooooooooooooos
cinqueeeeeeeeeeeeeeeeeeeeeeeeeeeeeeeeeeeeee
profondità: 8
quartooooooooooooooooooooooooooooooooooooooos
cinqueeeeeeeeeeeeeeeeeeeeeeeeeeeeeeeeeeeeee
profondità: 7
oneeeeeeeeeeeeeeeeeeeeeeeeee
treeeeeeeeeeeeeeeeeeees
quartooooooooooooooooooooooooooooooooooooooos
cinqueeeeeeeeeeeeeeeeeeeeeeeeeeeeeeeeeeeeee
profondità: 8
quartooooooooooooooooooooooooooooooooooooooos
cinqueeeeeeeeeeeeeeeeeeeeeeeeeeeeeeeeeeeeee
profondità: 8
quartooooooooooooooooooooooooooooooooooooooos
cinqueeeeeeeeeeeeeeeeeeeeeeeeeeeeeeeeeeeeee
profondità: 6
oneeeeeeeeeeeeeeeeeeeeeeeeee
treeeeeeeeeeeeeeeeeeees
quartooooooooooooooooooooooooooooooooooooooos
cinqueeeeeeeeeeeeeeeeeeeeeeeeeeeeeeeeeeeeee
profondità: 7
oneeeeeeeeeeeeeeeeeeeeeeeeee
treeeeeeeeeeeeeeeeeeees
quartooooooooooooooooooooooooooooooooooooooos
cinqueeeeeeeeeeeeeeeeeeeeeeeeeeeeeeeeeeeeee
profondità: 8
quartooooooooooooooooooooooooooooooooooooooos
cinqueeeeeeeeeeeeeeeeeeeeeeeeeeeeeeeeeeeeee
profondità: 8
quartooooooooooooooooooooooooooooooooooooooos
cinqueeeeeeeeeeeeeeeeeeeeeeeeeeeeeeeeeeeeee
profondità: 7
oneeeeeeeeeeeeeeeeeeeeeeeeee
treeeeeeeeeeeeeeeeeeees
quartooooooooooooooooooooooooooooooooooooooos
cinqueeeeeeeeeeeeeeeeeeeeeeeeeeeeeeeeeeeeee
profondità: 8
quartooooooooooooooooooooooooooooooooooooooos
cinqueeeeeeeeeeeeeeeeeeeeeeeeeeeeeeeeeeeeee
profondità: 8
quartooooooooooooooooooooooooooooooooooooooos
cinqueeeeeeeeeeeeeeeeeeeeeeeeeeeeeeeeeeeeee
profondità: 4
oneeeeeeeeeeeeeeeeeeeeeeeeee
treeeeeeeeeeeeeeeeeeees
quartooooooooooooooooooooooooooooooooooooooos
cinqueeeeeeeeeeeeeeeeeeeeeeeeeeeeeeeeeeeeee
profondità: 5
oneeeeeeeeeeeeeeeeeeeeeeeeee
treeeeeeeeeeeeeeeeeeees
quartooooooooooooooooooooooooooooooooooooooos
cinqueeeeeeeeeeeeeeeeeeeeeeeeeeeeeeeeeeeeee
profondità: 6
oneeeeeeeeeeeeeeeeeeeeeeeeee
treeeeeeeeeeeeeeeeeeees
quartooooooooooooooooooooooooooooooooooooooos
cinqueeeeeeeeeeeeeeeeeeeeeeeeeeeeeeeeeeeeee
profondità: 7
oneeeeeeeeeeeeeeeeeeeeeeeeee
treeeeeeeeeeeeeeeeeeees
quartooooooooooooooooooooooooooooooooooooooos
cinqueeeeeeeeeeeeeeeeeeeeeeeeeeeeeeeeeeeeee
profondità: 8
quartooooooooooooooooooooooooooooooooooooooos
cinqueeeeeeeeeeeeeeeeeeeeeeeeeeeeeeeeeeeeee
profondità: 8
quartooooooooooooooooooooooooooooooooooooooos
cinqueeeeeeeeeeeeeeeeeeeeeeeeeeeeeeeeeeeeee
profondità: 7
oneeeeeeeeeeeeeeeeeeeeeeeeee
treeeeeeeeeeeeeeeeeeees
quartooooooooooooooooooooooooooooooooooooooos
cinqueeeeeeeeeeeeeeeeeeeeeeeeeeeeeeeeeeeeee
profondità: 8
quartooooooooooooooooooooooooooooooooooooooos
cinqueeeeeeeeeeeeeeeeeeeeeeeeeeeeeeeeeeeeee
profondità: 8
quartooooooooooooooooooooooooooooooooooooooos
cinqueeeeeeeeeeeeeeeeeeeeeeeeeeeeeeeeeeeeee
profondità: 6
oneeeeeeeeeeeeeeeeeeeeeeeeee
treeeeeeeeeeeeeeeeeeees
quartooooooooooooooooooooooooooooooooooooooos
cinqueeeeeeeeeeeeeeeeeeeeeeeeeeeeeeeeeeeeee
profondità: 7
oneeeeeeeeeeeeeeeeeeeeeeeeee
treeeeeeeeeeeeeeeeeeees
quartooooooooooooooooooooooooooooooooooooooos
cinqueeeeeeeeeeeeeeeeeeeeeeeeeeeeeeeeeeeeee
profondità: 8
quartooooooooooooooooooooooooooooooooooooooos
cinqueeeeeeeeeeeeeeeeeeeeeeeeeeeeeeeeeeeeee
profondità: 8
quartooooooooooooooooooooooooooooooooooooooos
cinqueeeeeeeeeeeeeeeeeeeeeeeeeeeeeeeeeeeeee
profondità: 7
oneeeeeeeeeeeeeeeeeeeeeeeeee
treeeeeeeeeeeeeeeeeeees
quartooooooooooooooooooooooooooooooooooooooos
cinqueeeeeeeeeeeeeeeeeeeeeeeeeeeeeeeeeeeeee
profondità: 8
quartooooooooooooooooooooooooooooooooooooooos
cinqueeeeeeeeeeeeeeeeeeeeeeeeeeeeeeeeeeeeee
profondità: 8
quartooooooooooooooooooooooooooooooooooooooos
cinqueeeeeeeeeeeeeeeeeeeeeeeeeeeeeeeeeeeeee
profondità: 5
oneeeeeeeeeeeeeeeeeeeeeeeeee
treeeeeeeeeeeeeeeeeeees
quartooooooooooooooooooooooooooooooooooooooos
cinqueeeeeeeeeeeeeeeeeeeeeeeeeeeeeeeeeeeeee
profondità: 6
oneeeeeeeeeeeeeeeeeeeeeeeeee
treeeeeeeeeeeeeeeeeeees
quartooooooooooooooooooooooooooooooooooooooos
cinqueeeeeeeeeeeeeeeeeeeeeeeeeeeeeeeeeeeeee
profondità: 7
oneeeeeeeeeeeeeeeeeeeeeeeeee
treeeeeeeeeeeeeeeeeeees
quartooooooooooooooooooooooooooooooooooooooos
cinqueeeeeeeeeeeeeeeeeeeeeeeeeeeeeeeeeeeeee
profondità: 8
quartooooooooooooooooooooooooooooooooooooooos
cinqueeeeeeeeeeeeeeeeeeeeeeeeeeeeeeeeeeeeee
profondità: 8
quartooooooooooooooooooooooooooooooooooooooos
cinqueeeeeeeeeeeeeeeeeeeeeeeeeeeeeeeeeeeeee
profondità: 7
oneeeeeeeeeeeeeeeeeeeeeeeeee
treeeeeeeeeeeeeeeeeeees
quartooooooooooooooooooooooooooooooooooooooos
cinqueeeeeeeeeeeeeeeeeeeeeeeeeeeeeeeeeeeeee
profondità: 8
quartooooooooooooooooooooooooooooooooooooooos
cinqueeeeeeeeeeeeeeeeeeeeeeeeeeeeeeeeeeeeee
profondità: 8
quartooooooooooooooooooooooooooooooooooooooos
cinqueeeeeeeeeeeeeeeeeeeeeeeeeeeeeeeeeeeeee
profondità: 6
oneeeeeeeeeeeeeeeeeeeeeeeeee
treeeeeeeeeeeeeeeeeeees
quartooooooooooooooooooooooooooooooooooooooos
cinqueeeeeeeeeeeeeeeeeeeeeeeeeeeeeeeeeeeeee
profondità: 7
oneeeeeeeeeeeeeeeeeeeeeeeeee
treeeeeeeeeeeeeeeeeeees
quartooooooooooooooooooooooooooooooooooooooos
cinqueeeeeeeeeeeeeeeeeeeeeeeeeeeeeeeeeeeeee
profondità: 8
quartooooooooooooooooooooooooooooooooooooooos
cinqueeeeeeeeeeeeeeeeeeeeeeeeeeeeeeeeeeeeee
profondità: 8
quartooooooooooooooooooooooooooooooooooooooos
cinqueeeeeeeeeeeeeeeeeeeeeeeeeeeeeeeeeeeeee
profondità: 7
oneeeeeeeeeeeeeeeeeeeeeeeeee
treeeeeeeeeeeeeeeeeeees
quartooooooooooooooooooooooooooooooooooooooos
cinqueeeeeeeeeeeeeeeeeeeeeeeeeeeeeeeeeeeeee
profondità: 8
quartooooooooooooooooooooooooooooooooooooooos
cinqueeeeeeeeeeeeeeeeeeeeeeeeeeeeeeeeeeeeee
profondità: 8
quartooooooooooooooooooooooooooooooooooooooos
cinqueeeeeeeeeeeeeeeeeeeeeeeeeeeeeeeeeeeeee
profondità: 3
oneeeeeeeeeeeeeeeeeeeeeeeeee
treeeeeeeeeeeeeeeeeeees
quartooooooooooooooooooooooooooooooooooooooos
cinqueeeeeeeeeeeeeeeeeeeeeeeeeeeeeeeeeeeeee
profondità: 4
oneeeeeeeeeeeeeeeeeeeeeeeeee
treeeeeeeeeeeeeeeeeeees
quartooooooooooooooooooooooooooooooooooooooos
cinqueeeeeeeeeeeeeeeeeeeeeeeeeeeeeeeeeeeeee
profondità: 5
oneeeeeeeeeeeeeeeeeeeeeeeeee
treeeeeeeeeeeeeeeeeeees
quartooooooooooooooooooooooooooooooooooooooos
cinqueeeeeeeeeeeeeeeeeeeeeeeeeeeeeeeeeeeeee
profondità: 6
oneeeeeeeeeeeeeeeeeeeeeeeeee
treeeeeeeeeeeeeeeeeeees
quartooooooooooooooooooooooooooooooooooooooos
cinqueeeeeeeeeeeeeeeeeeeeeeeeeeeeeeeeeeeeee
profondità: 7
oneeeeeeeeeeeeeeeeeeeeeeeeee
treeeeeeeeeeeeeeeeeeees
quartooooooooooooooooooooooooooooooooooooooos
cinqueeeeeeeeeeeeeeeeeeeeeeeeeeeeeeeeeeeeee
profondità: 8
quartooooooooooooooooooooooooooooooooooooooos
cinqueeeeeeeeeeeeeeeeeeeeeeeeeeeeeeeeeeeeee
profondità: 8
quartooooooooooooooooooooooooooooooooooooooos
cinqueeeeeeeeeeeeeeeeeeeeeeeeeeeeeeeeeeeeee
profondità: 7
oneeeeeeeeeeeeeeeeeeeeeeeeee
treeeeeeeeeeeeeeeeeeees
quartooooooooooooooooooooooooooooooooooooooos
cinqueeeeeeeeeeeeeeeeeeeeeeeeeeeeeeeeeeeeee
profondità: 8
quartooooooooooooooooooooooooooooooooooooooos
cinqueeeeeeeeeeeeeeeeeeeeeeeeeeeeeeeeeeeeee
profondità: 8
quartooooooooooooooooooooooooooooooooooooooos
cinqueeeeeeeeeeeeeeeeeeeeeeeeeeeeeeeeeeeeee
profondità: 6
oneeeeeeeeeeeeeeeeeeeeeeeeee
treeeeeeeeeeeeeeeeeeees
quartooooooooooooooooooooooooooooooooooooooos
cinqueeeeeeeeeeeeeeeeeeeeeeeeeeeeeeeeeeeeee
profondità: 7
oneeeeeeeeeeeeeeeeeeeeeeeeee
treeeeeeeeeeeeeeeeeeees
quartooooooooooooooooooooooooooooooooooooooos
cinqueeeeeeeeeeeeeeeeeeeeeeeeeeeeeeeeeeeeee
profondità: 8
quartooooooooooooooooooooooooooooooooooooooos
cinqueeeeeeeeeeeeeeeeeeeeeeeeeeeeeeeeeeeeee
profondità: 8
quartooooooooooooooooooooooooooooooooooooooos
cinqueeeeeeeeeeeeeeeeeeeeeeeeeeeeeeeeeeeeee
profondità: 7
oneeeeeeeeeeeeeeeeeeeeeeeeee
treeeeeeeeeeeeeeeeeeees
quartooooooooooooooooooooooooooooooooooooooos
cinqueeeeeeeeeeeeeeeeeeeeeeeeeeeeeeeeeeeeee
profondità: 8
quartooooooooooooooooooooooooooooooooooooooos
cinqueeeeeeeeeeeeeeeeeeeeeeeeeeeeeeeeeeeeee
profondità: 8
quartooooooooooooooooooooooooooooooooooooooos
cinqueeeeeeeeeeeeeeeeeeeeeeeeeeeeeeeeeeeeee
profondità: 5
oneeeeeeeeeeeeeeeeeeeeeeeeee
treeeeeeeeeeeeeeeeeeees
quartooooooooooooooooooooooooooooooooooooooos
cinqueeeeeeeeeeeeeeeeeeeeeeeeeeeeeeeeeeeeee
profondità: 6
oneeeeeeeeeeeeeeeeeeeeeeeeee
treeeeeeeeeeeeeeeeeeees
quartooooooooooooooooooooooooooooooooooooooos
cinqueeeeeeeeeeeeeeeeeeeeeeeeeeeeeeeeeeeeee
profondità: 7
oneeeeeeeeeeeeeeeeeeeeeeeeee
treeeeeeeeeeeeeeeeeeees
quartooooooooooooooooooooooooooooooooooooooos
cinqueeeeeeeeeeeeeeeeeeeeeeeeeeeeeeeeeeeeee
profondità: 8
quartooooooooooooooooooooooooooooooooooooooos
cinqueeeeeeeeeeeeeeeeeeeeeeeeeeeeeeeeeeeeee
profondità: 8
quartooooooooooooooooooooooooooooooooooooooos
cinqueeeeeeeeeeeeeeeeeeeeeeeeeeeeeeeeeeeeee
profondità: 7
oneeeeeeeeeeeeeeeeeeeeeeeeee
treeeeeeeeeeeeeeeeeeees
quartooooooooooooooooooooooooooooooooooooooos
cinqueeeeeeeeeeeeeeeeeeeeeeeeeeeeeeeeeeeeee
profondità: 8
quartooooooooooooooooooooooooooooooooooooooos
cinqueeeeeeeeeeeeeeeeeeeeeeeeeeeeeeeeeeeeee
profondità: 8
quartooooooooooooooooooooooooooooooooooooooos
cinqueeeeeeeeeeeeeeeeeeeeeeeeeeeeeeeeeeeeee
profondità: 6
oneeeeeeeeeeeeeeeeeeeeeeeeee
treeeeeeeeeeeeeeeeeeees
quartooooooooooooooooooooooooooooooooooooooos
cinqueeeeeeeeeeeeeeeeeeeeeeeeeeeeeeeeeeeeee
profondità: 7
oneeeeeeeeeeeeeeeeeeeeeeeeee
treeeeeeeeeeeeeeeeeeees
quartooooooooooooooooooooooooooooooooooooooos
cinqueeeeeeeeeeeeeeeeeeeeeeeeeeeeeeeeeeeeee
profondità: 8
quartooooooooooooooooooooooooooooooooooooooos
cinqueeeeeeeeeeeeeeeeeeeeeeeeeeeeeeeeeeeeee
profondità: 8
quartooooooooooooooooooooooooooooooooooooooos
cinqueeeeeeeeeeeeeeeeeeeeeeeeeeeeeeeeeeeeee
profondità: 7
oneeeeeeeeeeeeeeeeeeeeeeeeee
treeeeeeeeeeeeeeeeeeees
quartooooooooooooooooooooooooooooooooooooooos
cinqueeeeeeeeeeeeeeeeeeeeeeeeeeeeeeeeeeeeee
profondità: 8
quartooooooooooooooooooooooooooooooooooooooos
cinqueeeeeeeeeeeeeeeeeeeeeeeeeeeeeeeeeeeeee
profondità: 8
quartooooooooooooooooooooooooooooooooooooooos
cinqueeeeeeeeeeeeeeeeeeeeeeeeeeeeeeeeeeeeee
profondità: 4
oneeeeeeeeeeeeeeeeeeeeeeeeee
treeeeeeeeeeeeeeeeeeees
quartooooooooooooooooooooooooooooooooooooooos
cinqueeeeeeeeeeeeeeeeeeeeeeeeeeeeeeeeeeeeee
profondità: 5
oneeeeeeeeeeeeeeeeeeeeeeeeee
treeeeeeeeeeeeeeeeeeees
quartooooooooooooooooooooooooooooooooooooooos
cinqueeeeeeeeeeeeeeeeeeeeeeeeeeeeeeeeeeeeee
profondità: 6
oneeeeeeeeeeeeeeeeeeeeeeeeee
treeeeeeeeeeeeeeeeeeees
quartooooooooooooooooooooooooooooooooooooooos
cinqueeeeeeeeeeeeeeeeeeeeeeeeeeeeeeeeeeeeee
profondità: 7
oneeeeeeeeeeeeeeeeeeeeeeeeee
treeeeeeeeeeeeeeeeeeees
quartooooooooooooooooooooooooooooooooooooooos
cinqueeeeeeeeeeeeeeeeeeeeeeeeeeeeeeeeeeeeee
profondità: 8
quartooooooooooooooooooooooooooooooooooooooos
cinqueeeeeeeeeeeeeeeeeeeeeeeeeeeeeeeeeeeeee
profondità: 8
quartooooooooooooooooooooooooooooooooooooooos
cinqueeeeeeeeeeeeeeeeeeeeeeeeeeeeeeeeeeeeee
profondità: 7
oneeeeeeeeeeeeeeeeeeeeeeeeee
treeeeeeeeeeeeeeeeeeees
quartooooooooooooooooooooooooooooooooooooooos
cinqueeeeeeeeeeeeeeeeeeeeeeeeeeeeeeeeeeeeee
profondità: 8
quartooooooooooooooooooooooooooooooooooooooos
cinqueeeeeeeeeeeeeeeeeeeeeeeeeeeeeeeeeeeeee
profondità: 8
quartooooooooooooooooooooooooooooooooooooooos
cinqueeeeeeeeeeeeeeeeeeeeeeeeeeeeeeeeeeeeee
profondità: 6
oneeeeeeeeeeeeeeeeeeeeeeeeee
treeeeeeeeeeeeeeeeeeees
quartooooooooooooooooooooooooooooooooooooooos
cinqueeeeeeeeeeeeeeeeeeeeeeeeeeeeeeeeeeeeee
profondità: 7
oneeeeeeeeeeeeeeeeeeeeeeeeee
treeeeeeeeeeeeeeeeeeees
quartooooooooooooooooooooooooooooooooooooooos
cinqueeeeeeeeeeeeeeeeeeeeeeeeeeeeeeeeeeeeee
profondità: 8
quartooooooooooooooooooooooooooooooooooooooos
cinqueeeeeeeeeeeeeeeeeeeeeeeeeeeeeeeeeeeeee
profondità: 8
quartooooooooooooooooooooooooooooooooooooooos
cinqueeeeeeeeeeeeeeeeeeeeeeeeeeeeeeeeeeeeee
profondità: 7
oneeeeeeeeeeeeeeeeeeeeeeeeee
treeeeeeeeeeeeeeeeeeees
quartooooooooooooooooooooooooooooooooooooooos
cinqueeeeeeeeeeeeeeeeeeeeeeeeeeeeeeeeeeeeee
profondità: 8
quartooooooooooooooooooooooooooooooooooooooos
cinqueeeeeeeeeeeeeeeeeeeeeeeeeeeeeeeeeeeeee
profondità: 8
quartooooooooooooooooooooooooooooooooooooooos
cinqueeeeeeeeeeeeeeeeeeeeeeeeeeeeeeeeeeeeee
profondità: 5
oneeeeeeeeeeeeeeeeeeeeeeeeee
treeeeeeeeeeeeeeeeeeees
quartooooooooooooooooooooooooooooooooooooooos
cinqueeeeeeeeeeeeeeeeeeeeeeeeeeeeeeeeeeeeee
profondità: 6
oneeeeeeeeeeeeeeeeeeeeeeeeee
treeeeeeeeeeeeeeeeeeees
quartooooooooooooooooooooooooooooooooooooooos
cinqueeeeeeeeeeeeeeeeeeeeeeeeeeeeeeeeeeeeee
profondità: 7
oneeeeeeeeeeeeeeeeeeeeeeeeee
treeeeeeeeeeeeeeeeeeees
quartooooooooooooooooooooooooooooooooooooooos
cinqueeeeeeeeeeeeeeeeeeeeeeeeeeeeeeeeeeeeee
profondità: 8
quartooooooooooooooooooooooooooooooooooooooos
cinqueeeeeeeeeeeeeeeeeeeeeeeeeeeeeeeeeeeeee
profondità: 8
quartooooooooooooooooooooooooooooooooooooooos
cinqueeeeeeeeeeeeeeeeeeeeeeeeeeeeeeeeeeeeee
profondità: 7
oneeeeeeeeeeeeeeeeeeeeeeeeee
treeeeeeeeeeeeeeeeeeees
quartooooooooooooooooooooooooooooooooooooooos
cinqueeeeeeeeeeeeeeeeeeeeeeeeeeeeeeeeeeeeee
profondità: 8
quartooooooooooooooooooooooooooooooooooooooos
cinqueeeeeeeeeeeeeeeeeeeeeeeeeeeeeeeeeeeeee
profondità: 8
quartooooooooooooooooooooooooooooooooooooooos
cinqueeeeeeeeeeeeeeeeeeeeeeeeeeeeeeeeeeeeee
profondità: 6
oneeeeeeeeeeeeeeeeeeeeeeeeee
treeeeeeeeeeeeeeeeeeees
quartooooooooooooooooooooooooooooooooooooooos
cinqueeeeeeeeeeeeeeeeeeeeeeeeeeeeeeeeeeeeee
profondità: 7
oneeeeeeeeeeeeeeeeeeeeeeeeee
treeeeeeeeeeeeeeeeeeees
quartooooooooooooooooooooooooooooooooooooooos
cinqueeeeeeeeeeeeeeeeeeeeeeeeeeeeeeeeeeeeee
profondità: 8
quartooooooooooooooooooooooooooooooooooooooos
cinqueeeeeeeeeeeeeeeeeeeeeeeeeeeeeeeeeeeeee
profondità: 8
quartooooooooooooooooooooooooooooooooooooooos
cinqueeeeeeeeeeeeeeeeeeeeeeeeeeeeeeeeeeeeee
profondità: 7
oneeeeeeeeeeeeeeeeeeeeeeeeee
treeeeeeeeeeeeeeeeeeees
quartooooooooooooooooooooooooooooooooooooooos
cinqueeeeeeeeeeeeeeeeeeeeeeeeeeeeeeeeeeeeee
profondità: 8
quartooooooooooooooooooooooooooooooooooooooos
cinqueeeeeeeeeeeeeeeeeeeeeeeeeeeeeeeeeeeeee
profondità: 8
quartooooooooooooooooooooooooooooooooooooooos
cinqueeeeeeeeeeeeeeeeeeeeeeeeeeeeeeeeeeeeee
profondità: 2
oneeeeeeeeeeeeeeeeeeeeeeeeee
treeeeeeeeeeeeeeeeeeees
quartooooooooooooooooooooooooooooooooooooooos
cinqueeeeeeeeeeeeeeeeeeeeeeeeeeeeeeeeeeeeee
profondità: 3
oneeeeeeeeeeeeeeeeeeeeeeeeee
treeeeeeeeeeeeeeeeeeees
quartooooooooooooooooooooooooooooooooooooooos
cinqueeeeeeeeeeeeeeeeeeeeeeeeeeeeeeeeeeeeee
profondità: 4
oneeeeeeeeeeeeeeeeeeeeeeeeee
treeeeeeeeeeeeeeeeeeees
quartooooooooooooooooooooooooooooooooooooooos
cinqueeeeeeeeeeeeeeeeeeeeeeeeeeeeeeeeeeeeee
profondità: 5
oneeeeeeeeeeeeeeeeeeeeeeeeee
treeeeeeeeeeeeeeeeeeees
quartooooooooooooooooooooooooooooooooooooooos
cinqueeeeeeeeeeeeeeeeeeeeeeeeeeeeeeeeeeeeee
profondità: 6
oneeeeeeeeeeeeeeeeeeeeeeeeee
treeeeeeeeeeeeeeeeeeees
quartooooooooooooooooooooooooooooooooooooooos
cinqueeeeeeeeeeeeeeeeeeeeeeeeeeeeeeeeeeeeee
profondità: 7
oneeeeeeeeeeeeeeeeeeeeeeeeee
treeeeeeeeeeeeeeeeeeees
quartooooooooooooooooooooooooooooooooooooooos
cinqueeeeeeeeeeeeeeeeeeeeeeeeeeeeeeeeeeeeee
profondità: 8
quartooooooooooooooooooooooooooooooooooooooos
cinqueeeeeeeeeeeeeeeeeeeeeeeeeeeeeeeeeeeeee
profondità: 8
quartooooooooooooooooooooooooooooooooooooooos
cinqueeeeeeeeeeeeeeeeeeeeeeeeeeeeeeeeeeeeee
profondità: 7
oneeeeeeeeeeeeeeeeeeeeeeeeee
treeeeeeeeeeeeeeeeeeees
quartooooooooooooooooooooooooooooooooooooooos
cinqueeeeeeeeeeeeeeeeeeeeeeeeeeeeeeeeeeeeee
profondità: 8
quartooooooooooooooooooooooooooooooooooooooos
cinqueeeeeeeeeeeeeeeeeeeeeeeeeeeeeeeeeeeeee
profondità: 8
quartooooooooooooooooooooooooooooooooooooooos
cinqueeeeeeeeeeeeeeeeeeeeeeeeeeeeeeeeeeeeee
profondità: 6
oneeeeeeeeeeeeeeeeeeeeeeeeee
treeeeeeeeeeeeeeeeeeees
quartooooooooooooooooooooooooooooooooooooooos
cinqueeeeeeeeeeeeeeeeeeeeeeeeeeeeeeeeeeeeee
profondità: 7
oneeeeeeeeeeeeeeeeeeeeeeeeee
treeeeeeeeeeeeeeeeeeees
quartooooooooooooooooooooooooooooooooooooooos
cinqueeeeeeeeeeeeeeeeeeeeeeeeeeeeeeeeeeeeee
profondità: 8
quartooooooooooooooooooooooooooooooooooooooos
cinqueeeeeeeeeeeeeeeeeeeeeeeeeeeeeeeeeeeeee
profondità: 8
quartooooooooooooooooooooooooooooooooooooooos
cinqueeeeeeeeeeeeeeeeeeeeeeeeeeeeeeeeeeeeee
profondità: 7
oneeeeeeeeeeeeeeeeeeeeeeeeee
treeeeeeeeeeeeeeeeeeees
quartooooooooooooooooooooooooooooooooooooooos
cinqueeeeeeeeeeeeeeeeeeeeeeeeeeeeeeeeeeeeee
profondità: 8
quartooooooooooooooooooooooooooooooooooooooos
cinqueeeeeeeeeeeeeeeeeeeeeeeeeeeeeeeeeeeeee
profondità: 8
quartooooooooooooooooooooooooooooooooooooooos
cinqueeeeeeeeeeeeeeeeeeeeeeeeeeeeeeeeeeeeee
profondità: 5
oneeeeeeeeeeeeeeeeeeeeeeeeee
treeeeeeeeeeeeeeeeeeees
quartooooooooooooooooooooooooooooooooooooooos
cinqueeeeeeeeeeeeeeeeeeeeeeeeeeeeeeeeeeeeee
profondità: 6
oneeeeeeeeeeeeeeeeeeeeeeeeee
treeeeeeeeeeeeeeeeeeees
quartooooooooooooooooooooooooooooooooooooooos
cinqueeeeeeeeeeeeeeeeeeeeeeeeeeeeeeeeeeeeee
profondità: 7
oneeeeeeeeeeeeeeeeeeeeeeeeee
treeeeeeeeeeeeeeeeeeees
quartooooooooooooooooooooooooooooooooooooooos
cinqueeeeeeeeeeeeeeeeeeeeeeeeeeeeeeeeeeeeee
profondità: 8
quartooooooooooooooooooooooooooooooooooooooos
cinqueeeeeeeeeeeeeeeeeeeeeeeeeeeeeeeeeeeeee
profondità: 8
quartooooooooooooooooooooooooooooooooooooooos
cinqueeeeeeeeeeeeeeeeeeeeeeeeeeeeeeeeeeeeee
profondità: 7
oneeeeeeeeeeeeeeeeeeeeeeeeee
treeeeeeeeeeeeeeeeeeees
quartooooooooooooooooooooooooooooooooooooooos
cinqueeeeeeeeeeeeeeeeeeeeeeeeeeeeeeeeeeeeee
profondità: 8
quartooooooooooooooooooooooooooooooooooooooos
cinqueeeeeeeeeeeeeeeeeeeeeeeeeeeeeeeeeeeeee
profondità: 8
quartooooooooooooooooooooooooooooooooooooooos
cinqueeeeeeeeeeeeeeeeeeeeeeeeeeeeeeeeeeeeee
profondità: 6
oneeeeeeeeeeeeeeeeeeeeeeeeee
treeeeeeeeeeeeeeeeeeees
quartooooooooooooooooooooooooooooooooooooooos
cinqueeeeeeeeeeeeeeeeeeeeeeeeeeeeeeeeeeeeee
profondità: 7
oneeeeeeeeeeeeeeeeeeeeeeeeee
treeeeeeeeeeeeeeeeeeees
quartooooooooooooooooooooooooooooooooooooooos
cinqueeeeeeeeeeeeeeeeeeeeeeeeeeeeeeeeeeeeee
profondità: 8
quartooooooooooooooooooooooooooooooooooooooos
cinqueeeeeeeeeeeeeeeeeeeeeeeeeeeeeeeeeeeeee
profondità: 8
quartooooooooooooooooooooooooooooooooooooooos
cinqueeeeeeeeeeeeeeeeeeeeeeeeeeeeeeeeeeeeee
profondità: 7
oneeeeeeeeeeeeeeeeeeeeeeeeee
treeeeeeeeeeeeeeeeeeees
quartooooooooooooooooooooooooooooooooooooooos
cinqueeeeeeeeeeeeeeeeeeeeeeeeeeeeeeeeeeeeee
profondità: 8
quartooooooooooooooooooooooooooooooooooooooos
cinqueeeeeeeeeeeeeeeeeeeeeeeeeeeeeeeeeeeeee
profondità: 8
quartooooooooooooooooooooooooooooooooooooooos
cinqueeeeeeeeeeeeeeeeeeeeeeeeeeeeeeeeeeeeee
profondità: 4
oneeeeeeeeeeeeeeeeeeeeeeeeee
treeeeeeeeeeeeeeeeeeees
quartooooooooooooooooooooooooooooooooooooooos
cinqueeeeeeeeeeeeeeeeeeeeeeeeeeeeeeeeeeeeee
profondità: 5
oneeeeeeeeeeeeeeeeeeeeeeeeee
treeeeeeeeeeeeeeeeeeees
quartooooooooooooooooooooooooooooooooooooooos
cinqueeeeeeeeeeeeeeeeeeeeeeeeeeeeeeeeeeeeee
profondità: 6
oneeeeeeeeeeeeeeeeeeeeeeeeee
treeeeeeeeeeeeeeeeeeees
quartooooooooooooooooooooooooooooooooooooooos
cinqueeeeeeeeeeeeeeeeeeeeeeeeeeeeeeeeeeeeee
profondità: 7
oneeeeeeeeeeeeeeeeeeeeeeeeee
treeeeeeeeeeeeeeeeeeees
quartooooooooooooooooooooooooooooooooooooooos
cinqueeeeeeeeeeeeeeeeeeeeeeeeeeeeeeeeeeeeee
profondità: 8
quartooooooooooooooooooooooooooooooooooooooos
cinqueeeeeeeeeeeeeeeeeeeeeeeeeeeeeeeeeeeeee
profondità: 8
quartooooooooooooooooooooooooooooooooooooooos
cinqueeeeeeeeeeeeeeeeeeeeeeeeeeeeeeeeeeeeee
profondità: 7
oneeeeeeeeeeeeeeeeeeeeeeeeee
treeeeeeeeeeeeeeeeeeees
quartooooooooooooooooooooooooooooooooooooooos
cinqueeeeeeeeeeeeeeeeeeeeeeeeeeeeeeeeeeeeee
profondità: 8
quartooooooooooooooooooooooooooooooooooooooos
cinqueeeeeeeeeeeeeeeeeeeeeeeeeeeeeeeeeeeeee
profondità: 8
quartooooooooooooooooooooooooooooooooooooooos
cinqueeeeeeeeeeeeeeeeeeeeeeeeeeeeeeeeeeeeee
profondità: 6
oneeeeeeeeeeeeeeeeeeeeeeeeee
treeeeeeeeeeeeeeeeeeees
quartooooooooooooooooooooooooooooooooooooooos
cinqueeeeeeeeeeeeeeeeeeeeeeeeeeeeeeeeeeeeee
profondità: 7
oneeeeeeeeeeeeeeeeeeeeeeeeee
treeeeeeeeeeeeeeeeeeees
quartooooooooooooooooooooooooooooooooooooooos
cinqueeeeeeeeeeeeeeeeeeeeeeeeeeeeeeeeeeeeee
profondità: 8
quartooooooooooooooooooooooooooooooooooooooos
cinqueeeeeeeeeeeeeeeeeeeeeeeeeeeeeeeeeeeeee
profondità: 8
quartooooooooooooooooooooooooooooooooooooooos
cinqueeeeeeeeeeeeeeeeeeeeeeeeeeeeeeeeeeeeee
profondità: 7
oneeeeeeeeeeeeeeeeeeeeeeeeee
treeeeeeeeeeeeeeeeeeees
quartooooooooooooooooooooooooooooooooooooooos
cinqueeeeeeeeeeeeeeeeeeeeeeeeeeeeeeeeeeeeee
profondità: 8
quartooooooooooooooooooooooooooooooooooooooos
cinqueeeeeeeeeeeeeeeeeeeeeeeeeeeeeeeeeeeeee
profondità: 8
quartooooooooooooooooooooooooooooooooooooooos
cinqueeeeeeeeeeeeeeeeeeeeeeeeeeeeeeeeeeeeee
profondità: 5
oneeeeeeeeeeeeeeeeeeeeeeeeee
treeeeeeeeeeeeeeeeeeees
quartooooooooooooooooooooooooooooooooooooooos
cinqueeeeeeeeeeeeeeeeeeeeeeeeeeeeeeeeeeeeee
profondità: 6
oneeeeeeeeeeeeeeeeeeeeeeeeee
treeeeeeeeeeeeeeeeeeees
quartooooooooooooooooooooooooooooooooooooooos
cinqueeeeeeeeeeeeeeeeeeeeeeeeeeeeeeeeeeeeee
profondità: 7
oneeeeeeeeeeeeeeeeeeeeeeeeee
treeeeeeeeeeeeeeeeeeees
quartooooooooooooooooooooooooooooooooooooooos
cinqueeeeeeeeeeeeeeeeeeeeeeeeeeeeeeeeeeeeee
profondità: 8
quartooooooooooooooooooooooooooooooooooooooos
cinqueeeeeeeeeeeeeeeeeeeeeeeeeeeeeeeeeeeeee
profondità: 8
quartooooooooooooooooooooooooooooooooooooooos
cinqueeeeeeeeeeeeeeeeeeeeeeeeeeeeeeeeeeeeee
profondità: 7
oneeeeeeeeeeeeeeeeeeeeeeeeee
treeeeeeeeeeeeeeeeeeees
quartooooooooooooooooooooooooooooooooooooooos
cinqueeeeeeeeeeeeeeeeeeeeeeeeeeeeeeeeeeeeee
profondità: 8
quartooooooooooooooooooooooooooooooooooooooos
cinqueeeeeeeeeeeeeeeeeeeeeeeeeeeeeeeeeeeeee
profondità: 8
quartooooooooooooooooooooooooooooooooooooooos
cinqueeeeeeeeeeeeeeeeeeeeeeeeeeeeeeeeeeeeee
profondità: 6
oneeeeeeeeeeeeeeeeeeeeeeeeee
treeeeeeeeeeeeeeeeeeees
quartooooooooooooooooooooooooooooooooooooooos
cinqueeeeeeeeeeeeeeeeeeeeeeeeeeeeeeeeeeeeee
profondità: 7
oneeeeeeeeeeeeeeeeeeeeeeeeee
treeeeeeeeeeeeeeeeeeees
quartooooooooooooooooooooooooooooooooooooooos
cinqueeeeeeeeeeeeeeeeeeeeeeeeeeeeeeeeeeeeee
profondità: 8
quartooooooooooooooooooooooooooooooooooooooos
cinqueeeeeeeeeeeeeeeeeeeeeeeeeeeeeeeeeeeeee
profondità: 8
quartooooooooooooooooooooooooooooooooooooooos
cinqueeeeeeeeeeeeeeeeeeeeeeeeeeeeeeeeeeeeee
profondità: 7
oneeeeeeeeeeeeeeeeeeeeeeeeee
treeeeeeeeeeeeeeeeeeees
quartooooooooooooooooooooooooooooooooooooooos
cinqueeeeeeeeeeeeeeeeeeeeeeeeeeeeeeeeeeeeee
profondità: 8
quartooooooooooooooooooooooooooooooooooooooos
cinqueeeeeeeeeeeeeeeeeeeeeeeeeeeeeeeeeeeeee
profondità: 8
quartooooooooooooooooooooooooooooooooooooooos
cinqueeeeeeeeeeeeeeeeeeeeeeeeeeeeeeeeeeeeee
profondità: 3
oneeeeeeeeeeeeeeeeeeeeeeeeee
treeeeeeeeeeeeeeeeeeees
quartooooooooooooooooooooooooooooooooooooooos
cinqueeeeeeeeeeeeeeeeeeeeeeeeeeeeeeeeeeeeee
profondità: 4
oneeeeeeeeeeeeeeeeeeeeeeeeee
treeeeeeeeeeeeeeeeeeees
quartooooooooooooooooooooooooooooooooooooooos
cinqueeeeeeeeeeeeeeeeeeeeeeeeeeeeeeeeeeeeee
profondità: 5
oneeeeeeeeeeeeeeeeeeeeeeeeee
treeeeeeeeeeeeeeeeeeees
quartooooooooooooooooooooooooooooooooooooooos
cinqueeeeeeeeeeeeeeeeeeeeeeeeeeeeeeeeeeeeee
profondità: 6
oneeeeeeeeeeeeeeeeeeeeeeeeee
treeeeeeeeeeeeeeeeeeees
quartooooooooooooooooooooooooooooooooooooooos
cinqueeeeeeeeeeeeeeeeeeeeeeeeeeeeeeeeeeeeee
profondità: 7
oneeeeeeeeeeeeeeeeeeeeeeeeee
treeeeeeeeeeeeeeeeeeees
quartooooooooooooooooooooooooooooooooooooooos
cinqueeeeeeeeeeeeeeeeeeeeeeeeeeeeeeeeeeeeee
profondità: 8
quartooooooooooooooooooooooooooooooooooooooos
cinqueeeeeeeeeeeeeeeeeeeeeeeeeeeeeeeeeeeeee
profondità: 8
quartooooooooooooooooooooooooooooooooooooooos
cinqueeeeeeeeeeeeeeeeeeeeeeeeeeeeeeeeeeeeee
profondità: 7
oneeeeeeeeeeeeeeeeeeeeeeeeee
treeeeeeeeeeeeeeeeeeees
quartooooooooooooooooooooooooooooooooooooooos
cinqueeeeeeeeeeeeeeeeeeeeeeeeeeeeeeeeeeeeee
profondità: 8
quartooooooooooooooooooooooooooooooooooooooos
cinqueeeeeeeeeeeeeeeeeeeeeeeeeeeeeeeeeeeeee
profondità: 8
quartooooooooooooooooooooooooooooooooooooooos
cinqueeeeeeeeeeeeeeeeeeeeeeeeeeeeeeeeeeeeee
profondità: 6
oneeeeeeeeeeeeeeeeeeeeeeeeee
treeeeeeeeeeeeeeeeeeees
quartooooooooooooooooooooooooooooooooooooooos
cinqueeeeeeeeeeeeeeeeeeeeeeeeeeeeeeeeeeeeee
profondità: 7
oneeeeeeeeeeeeeeeeeeeeeeeeee
treeeeeeeeeeeeeeeeeeees
quartooooooooooooooooooooooooooooooooooooooos
cinqueeeeeeeeeeeeeeeeeeeeeeeeeeeeeeeeeeeeee
profondità: 8
quartooooooooooooooooooooooooooooooooooooooos
cinqueeeeeeeeeeeeeeeeeeeeeeeeeeeeeeeeeeeeee
profondità: 8
quartooooooooooooooooooooooooooooooooooooooos
cinqueeeeeeeeeeeeeeeeeeeeeeeeeeeeeeeeeeeeee
profondità: 7
oneeeeeeeeeeeeeeeeeeeeeeeeee
treeeeeeeeeeeeeeeeeeees
quartooooooooooooooooooooooooooooooooooooooos
cinqueeeeeeeeeeeeeeeeeeeeeeeeeeeeeeeeeeeeee
profondità: 8
quartooooooooooooooooooooooooooooooooooooooos
cinqueeeeeeeeeeeeeeeeeeeeeeeeeeeeeeeeeeeeee
profondità: 8
quartooooooooooooooooooooooooooooooooooooooos
cinqueeeeeeeeeeeeeeeeeeeeeeeeeeeeeeeeeeeeee
profondità: 5
oneeeeeeeeeeeeeeeeeeeeeeeeee
treeeeeeeeeeeeeeeeeeees
quartooooooooooooooooooooooooooooooooooooooos
cinqueeeeeeeeeeeeeeeeeeeeeeeeeeeeeeeeeeeeee
profondità: 6
oneeeeeeeeeeeeeeeeeeeeeeeeee
treeeeeeeeeeeeeeeeeeees
quartooooooooooooooooooooooooooooooooooooooos
cinqueeeeeeeeeeeeeeeeeeeeeeeeeeeeeeeeeeeeee
profondità: 7
oneeeeeeeeeeeeeeeeeeeeeeeeee
treeeeeeeeeeeeeeeeeeees
quartooooooooooooooooooooooooooooooooooooooos
cinqueeeeeeeeeeeeeeeeeeeeeeeeeeeeeeeeeeeeee
profondità: 8
quartooooooooooooooooooooooooooooooooooooooos
cinqueeeeeeeeeeeeeeeeeeeeeeeeeeeeeeeeeeeeee
profondità: 8
quartooooooooooooooooooooooooooooooooooooooos
cinqueeeeeeeeeeeeeeeeeeeeeeeeeeeeeeeeeeeeee
profondità: 7
oneeeeeeeeeeeeeeeeeeeeeeeeee
treeeeeeeeeeeeeeeeeeees
quartooooooooooooooooooooooooooooooooooooooos
cinqueeeeeeeeeeeeeeeeeeeeeeeeeeeeeeeeeeeeee
profondità: 8
quartooooooooooooooooooooooooooooooooooooooos
cinqueeeeeeeeeeeeeeeeeeeeeeeeeeeeeeeeeeeeee
profondità: 8
quartooooooooooooooooooooooooooooooooooooooos
cinqueeeeeeeeeeeeeeeeeeeeeeeeeeeeeeeeeeeeee
profondità: 6
oneeeeeeeeeeeeeeeeeeeeeeeeee
treeeeeeeeeeeeeeeeeeees
quartooooooooooooooooooooooooooooooooooooooos
cinqueeeeeeeeeeeeeeeeeeeeeeeeeeeeeeeeeeeeee
profondità: 7
oneeeeeeeeeeeeeeeeeeeeeeeeee
treeeeeeeeeeeeeeeeeeees
quartooooooooooooooooooooooooooooooooooooooos
cinqueeeeeeeeeeeeeeeeeeeeeeeeeeeeeeeeeeeeee
profondità: 8
quartooooooooooooooooooooooooooooooooooooooos
cinqueeeeeeeeeeeeeeeeeeeeeeeeeeeeeeeeeeeeee
profondità: 8
quartooooooooooooooooooooooooooooooooooooooos
cinqueeeeeeeeeeeeeeeeeeeeeeeeeeeeeeeeeeeeee
profondità: 7
oneeeeeeeeeeeeeeeeeeeeeeeeee
treeeeeeeeeeeeeeeeeeees
quartooooooooooooooooooooooooooooooooooooooos
cinqueeeeeeeeeeeeeeeeeeeeeeeeeeeeeeeeeeeeee
profondità: 8
quartooooooooooooooooooooooooooooooooooooooos
cinqueeeeeeeeeeeeeeeeeeeeeeeeeeeeeeeeeeeeee
profondità: 8
quartooooooooooooooooooooooooooooooooooooooos
cinqueeeeeeeeeeeeeeeeeeeeeeeeeeeeeeeeeeeeee
profondità: 4
oneeeeeeeeeeeeeeeeeeeeeeeeee
treeeeeeeeeeeeeeeeeeees
quartooooooooooooooooooooooooooooooooooooooos
cinqueeeeeeeeeeeeeeeeeeeeeeeeeeeeeeeeeeeeee
profondità: 5
oneeeeeeeeeeeeeeeeeeeeeeeeee
treeeeeeeeeeeeeeeeeeees
quartooooooooooooooooooooooooooooooooooooooos
cinqueeeeeeeeeeeeeeeeeeeeeeeeeeeeeeeeeeeeee
profondità: 6
oneeeeeeeeeeeeeeeeeeeeeeeeee
treeeeeeeeeeeeeeeeeeees
quartooooooooooooooooooooooooooooooooooooooos
cinqueeeeeeeeeeeeeeeeeeeeeeeeeeeeeeeeeeeeee
profondità: 7
oneeeeeeeeeeeeeeeeeeeeeeeeee
treeeeeeeeeeeeeeeeeeees
quartooooooooooooooooooooooooooooooooooooooos
cinqueeeeeeeeeeeeeeeeeeeeeeeeeeeeeeeeeeeeee
profondità: 8
quartooooooooooooooooooooooooooooooooooooooos
cinqueeeeeeeeeeeeeeeeeeeeeeeeeeeeeeeeeeeeee
profondità: 8
quartooooooooooooooooooooooooooooooooooooooos
cinqueeeeeeeeeeeeeeeeeeeeeeeeeeeeeeeeeeeeee
profondità: 7
oneeeeeeeeeeeeeeeeeeeeeeeeee
treeeeeeeeeeeeeeeeeeees
quartooooooooooooooooooooooooooooooooooooooos
cinqueeeeeeeeeeeeeeeeeeeeeeeeeeeeeeeeeeeeee
profondità: 8
quartooooooooooooooooooooooooooooooooooooooos
cinqueeeeeeeeeeeeeeeeeeeeeeeeeeeeeeeeeeeeee
profondità: 8
quartooooooooooooooooooooooooooooooooooooooos
cinqueeeeeeeeeeeeeeeeeeeeeeeeeeeeeeeeeeeeee
profondità: 6
oneeeeeeeeeeeeeeeeeeeeeeeeee
treeeeeeeeeeeeeeeeeeees
quartooooooooooooooooooooooooooooooooooooooos
cinqueeeeeeeeeeeeeeeeeeeeeeeeeeeeeeeeeeeeee
profondità: 7
oneeeeeeeeeeeeeeeeeeeeeeeeee
treeeeeeeeeeeeeeeeeeees
quartooooooooooooooooooooooooooooooooooooooos
cinqueeeeeeeeeeeeeeeeeeeeeeeeeeeeeeeeeeeeee
profondità: 8
quartooooooooooooooooooooooooooooooooooooooos
cinqueeeeeeeeeeeeeeeeeeeeeeeeeeeeeeeeeeeeee
profondità: 8
quartooooooooooooooooooooooooooooooooooooooos
cinqueeeeeeeeeeeeeeeeeeeeeeeeeeeeeeeeeeeeee
profondità: 7
oneeeeeeeeeeeeeeeeeeeeeeeeee
treeeeeeeeeeeeeeeeeeees
quartooooooooooooooooooooooooooooooooooooooos
cinqueeeeeeeeeeeeeeeeeeeeeeeeeeeeeeeeeeeeee
profondità: 8
quartooooooooooooooooooooooooooooooooooooooos
cinqueeeeeeeeeeeeeeeeeeeeeeeeeeeeeeeeeeeeee
profondità: 8
quartooooooooooooooooooooooooooooooooooooooos
cinqueeeeeeeeeeeeeeeeeeeeeeeeeeeeeeeeeeeeee
profondità: 5
oneeeeeeeeeeeeeeeeeeeeeeeeee
treeeeeeeeeeeeeeeeeeees
quartooooooooooooooooooooooooooooooooooooooos
cinqueeeeeeeeeeeeeeeeeeeeeeeeeeeeeeeeeeeeee
profondità: 6
oneeeeeeeeeeeeeeeeeeeeeeeeee
treeeeeeeeeeeeeeeeeeees
quartooooooooooooooooooooooooooooooooooooooos
cinqueeeeeeeeeeeeeeeeeeeeeeeeeeeeeeeeeeeeee
profondità: 7
oneeeeeeeeeeeeeeeeeeeeeeeeee
treeeeeeeeeeeeeeeeeeees
quartooooooooooooooooooooooooooooooooooooooos
cinqueeeeeeeeeeeeeeeeeeeeeeeeeeeeeeeeeeeeee
profondità: 8
quartooooooooooooooooooooooooooooooooooooooos
cinqueeeeeeeeeeeeeeeeeeeeeeeeeeeeeeeeeeeeee
profondità: 8
quartooooooooooooooooooooooooooooooooooooooos
cinqueeeeeeeeeeeeeeeeeeeeeeeeeeeeeeeeeeeeee
profondità: 7
oneeeeeeeeeeeeeeeeeeeeeeeeee
treeeeeeeeeeeeeeeeeeees
quartooooooooooooooooooooooooooooooooooooooos
cinqueeeeeeeeeeeeeeeeeeeeeeeeeeeeeeeeeeeeee
profondità: 8
quartooooooooooooooooooooooooooooooooooooooos
cinqueeeeeeeeeeeeeeeeeeeeeeeeeeeeeeeeeeeeee
profondità: 8
quartooooooooooooooooooooooooooooooooooooooos
cinqueeeeeeeeeeeeeeeeeeeeeeeeeeeeeeeeeeeeee
profondità: 6
oneeeeeeeeeeeeeeeeeeeeeeeeee
treeeeeeeeeeeeeeeeeeees
quartooooooooooooooooooooooooooooooooooooooos
cinqueeeeeeeeeeeeeeeeeeeeeeeeeeeeeeeeeeeeee
profondità: 7
oneeeeeeeeeeeeeeeeeeeeeeeeee
treeeeeeeeeeeeeeeeeeees
quartooooooooooooooooooooooooooooooooooooooos
cinqueeeeeeeeeeeeeeeeeeeeeeeeeeeeeeeeeeeeee
profondità: 8
quartooooooooooooooooooooooooooooooooooooooos
cinqueeeeeeeeeeeeeeeeeeeeeeeeeeeeeeeeeeeeee
profondità: 8
quartooooooooooooooooooooooooooooooooooooooos
cinqueeeeeeeeeeeeeeeeeeeeeeeeeeeeeeeeeeeeee
profondità: 7
oneeeeeeeeeeeeeeeeeeeeeeeeee
treeeeeeeeeeeeeeeeeeees
quartooooooooooooooooooooooooooooooooooooooos
cinqueeeeeeeeeeeeeeeeeeeeeeeeeeeeeeeeeeeeee
profondità: 8
quartooooooooooooooooooooooooooooooooooooooos
cinqueeeeeeeeeeeeeeeeeeeeeeeeeeeeeeeeeeeeee
profondità: 8
quartooooooooooooooooooooooooooooooooooooooos
cinqueeeeeeeeeeeeeeeeeeeeeeeeeeeeeeeeeeeeee
profondità: 1
oneeeeeeeeeeeeeeeeeeeeeeeeee
treeeeeeeeeeeeeeeeeeees
quartooooooooooooooooooooooooooooooooooooooos
cinqueeeeeeeeeeeeeeeeeeeeeeeeeeeeeeeeeeeeee
profondità: 2
oneeeeeeeeeeeeeeeeeeeeeeeeee
treeeeeeeeeeeeeeeeeeees
quartooooooooooooooooooooooooooooooooooooooos
cinqueeeeeeeeeeeeeeeeeeeeeeeeeeeeeeeeeeeeee
profondità: 3
oneeeeeeeeeeeeeeeeeeeeeeeeee
treeeeeeeeeeeeeeeeeeees
quartooooooooooooooooooooooooooooooooooooooos
cinqueeeeeeeeeeeeeeeeeeeeeeeeeeeeeeeeeeeeee
profondità: 4
oneeeeeeeeeeeeeeeeeeeeeeeeee
treeeeeeeeeeeeeeeeeeees
quartooooooooooooooooooooooooooooooooooooooos
cinqueeeeeeeeeeeeeeeeeeeeeeeeeeeeeeeeeeeeee
profondità: 5
oneeeeeeeeeeeeeeeeeeeeeeeeee
treeeeeeeeeeeeeeeeeeees
quartooooooooooooooooooooooooooooooooooooooos
cinqueeeeeeeeeeeeeeeeeeeeeeeeeeeeeeeeeeeeee
profondità: 6
oneeeeeeeeeeeeeeeeeeeeeeeeee
treeeeeeeeeeeeeeeeeeees
quartooooooooooooooooooooooooooooooooooooooos
cinqueeeeeeeeeeeeeeeeeeeeeeeeeeeeeeeeeeeeee
profondità: 7
oneeeeeeeeeeeeeeeeeeeeeeeeee
treeeeeeeeeeeeeeeeeeees
quartooooooooooooooooooooooooooooooooooooooos
cinqueeeeeeeeeeeeeeeeeeeeeeeeeeeeeeeeeeeeee
profondità: 8
quartooooooooooooooooooooooooooooooooooooooos
cinqueeeeeeeeeeeeeeeeeeeeeeeeeeeeeeeeeeeeee
profondità: 8
quartooooooooooooooooooooooooooooooooooooooos
cinqueeeeeeeeeeeeeeeeeeeeeeeeeeeeeeeeeeeeee
profondità: 7
oneeeeeeeeeeeeeeeeeeeeeeeeee
treeeeeeeeeeeeeeeeeeees
quartooooooooooooooooooooooooooooooooooooooos
cinqueeeeeeeeeeeeeeeeeeeeeeeeeeeeeeeeeeeeee
profondità: 8
quartooooooooooooooooooooooooooooooooooooooos
cinqueeeeeeeeeeeeeeeeeeeeeeeeeeeeeeeeeeeeee
profondità: 8
quartooooooooooooooooooooooooooooooooooooooos
cinqueeeeeeeeeeeeeeeeeeeeeeeeeeeeeeeeeeeeee
profondità: 6
oneeeeeeeeeeeeeeeeeeeeeeeeee
treeeeeeeeeeeeeeeeeeees
quartooooooooooooooooooooooooooooooooooooooos
cinqueeeeeeeeeeeeeeeeeeeeeeeeeeeeeeeeeeeeee
profondità: 7
oneeeeeeeeeeeeeeeeeeeeeeeeee
treeeeeeeeeeeeeeeeeeees
quartooooooooooooooooooooooooooooooooooooooos
cinqueeeeeeeeeeeeeeeeeeeeeeeeeeeeeeeeeeeeee
profondità: 8
quartooooooooooooooooooooooooooooooooooooooos
cinqueeeeeeeeeeeeeeeeeeeeeeeeeeeeeeeeeeeeee
profondità: 8
quartooooooooooooooooooooooooooooooooooooooos
cinqueeeeeeeeeeeeeeeeeeeeeeeeeeeeeeeeeeeeee
profondità: 7
oneeeeeeeeeeeeeeeeeeeeeeeeee
treeeeeeeeeeeeeeeeeeees
quartooooooooooooooooooooooooooooooooooooooos
cinqueeeeeeeeeeeeeeeeeeeeeeeeeeeeeeeeeeeeee
profondità: 8
quartooooooooooooooooooooooooooooooooooooooos
cinqueeeeeeeeeeeeeeeeeeeeeeeeeeeeeeeeeeeeee
profondità: 8
quartooooooooooooooooooooooooooooooooooooooos
cinqueeeeeeeeeeeeeeeeeeeeeeeeeeeeeeeeeeeeee
profondità: 5
oneeeeeeeeeeeeeeeeeeeeeeeeee
treeeeeeeeeeeeeeeeeeees
quartooooooooooooooooooooooooooooooooooooooos
cinqueeeeeeeeeeeeeeeeeeeeeeeeeeeeeeeeeeeeee
profondità: 6
oneeeeeeeeeeeeeeeeeeeeeeeeee
treeeeeeeeeeeeeeeeeeees
quartooooooooooooooooooooooooooooooooooooooos
cinqueeeeeeeeeeeeeeeeeeeeeeeeeeeeeeeeeeeeee
profondità: 7
oneeeeeeeeeeeeeeeeeeeeeeeeee
treeeeeeeeeeeeeeeeeeees
quartooooooooooooooooooooooooooooooooooooooos
cinqueeeeeeeeeeeeeeeeeeeeeeeeeeeeeeeeeeeeee
profondità: 8
quartooooooooooooooooooooooooooooooooooooooos
cinqueeeeeeeeeeeeeeeeeeeeeeeeeeeeeeeeeeeeee
profondità: 8
quartooooooooooooooooooooooooooooooooooooooos
cinqueeeeeeeeeeeeeeeeeeeeeeeeeeeeeeeeeeeeee
profondità: 7
oneeeeeeeeeeeeeeeeeeeeeeeeee
treeeeeeeeeeeeeeeeeeees
quartooooooooooooooooooooooooooooooooooooooos
cinqueeeeeeeeeeeeeeeeeeeeeeeeeeeeeeeeeeeeee
profondità: 8
quartooooooooooooooooooooooooooooooooooooooos
cinqueeeeeeeeeeeeeeeeeeeeeeeeeeeeeeeeeeeeee
profondità: 8
quartooooooooooooooooooooooooooooooooooooooos
cinqueeeeeeeeeeeeeeeeeeeeeeeeeeeeeeeeeeeeee
profondità: 6
oneeeeeeeeeeeeeeeeeeeeeeeeee
treeeeeeeeeeeeeeeeeeees
quartooooooooooooooooooooooooooooooooooooooos
cinqueeeeeeeeeeeeeeeeeeeeeeeeeeeeeeeeeeeeee
profondità: 7
oneeeeeeeeeeeeeeeeeeeeeeeeee
treeeeeeeeeeeeeeeeeeees
quartooooooooooooooooooooooooooooooooooooooos
cinqueeeeeeeeeeeeeeeeeeeeeeeeeeeeeeeeeeeeee
profondità: 8
quartooooooooooooooooooooooooooooooooooooooos
cinqueeeeeeeeeeeeeeeeeeeeeeeeeeeeeeeeeeeeee
profondità: 8
quartooooooooooooooooooooooooooooooooooooooos
cinqueeeeeeeeeeeeeeeeeeeeeeeeeeeeeeeeeeeeee
profondità: 7
oneeeeeeeeeeeeeeeeeeeeeeeeee
treeeeeeeeeeeeeeeeeeees
quartooooooooooooooooooooooooooooooooooooooos
cinqueeeeeeeeeeeeeeeeeeeeeeeeeeeeeeeeeeeeee
profondità: 8
quartooooooooooooooooooooooooooooooooooooooos
cinqueeeeeeeeeeeeeeeeeeeeeeeeeeeeeeeeeeeeee
profondità: 8
quartooooooooooooooooooooooooooooooooooooooos
cinqueeeeeeeeeeeeeeeeeeeeeeeeeeeeeeeeeeeeee
profondità: 4
oneeeeeeeeeeeeeeeeeeeeeeeeee
treeeeeeeeeeeeeeeeeeees
quartooooooooooooooooooooooooooooooooooooooos
cinqueeeeeeeeeeeeeeeeeeeeeeeeeeeeeeeeeeeeee
profondità: 5
oneeeeeeeeeeeeeeeeeeeeeeeeee
treeeeeeeeeeeeeeeeeeees
quartooooooooooooooooooooooooooooooooooooooos
cinqueeeeeeeeeeeeeeeeeeeeeeeeeeeeeeeeeeeeee
profondità: 6
oneeeeeeeeeeeeeeeeeeeeeeeeee
treeeeeeeeeeeeeeeeeeees
quartooooooooooooooooooooooooooooooooooooooos
cinqueeeeeeeeeeeeeeeeeeeeeeeeeeeeeeeeeeeeee
profondità: 7
oneeeeeeeeeeeeeeeeeeeeeeeeee
treeeeeeeeeeeeeeeeeeees
quartooooooooooooooooooooooooooooooooooooooos
cinqueeeeeeeeeeeeeeeeeeeeeeeeeeeeeeeeeeeeee
profondità: 8
quartooooooooooooooooooooooooooooooooooooooos
cinqueeeeeeeeeeeeeeeeeeeeeeeeeeeeeeeeeeeeee
profondità: 8
quartooooooooooooooooooooooooooooooooooooooos
cinqueeeeeeeeeeeeeeeeeeeeeeeeeeeeeeeeeeeeee
profondità: 7
oneeeeeeeeeeeeeeeeeeeeeeeeee
treeeeeeeeeeeeeeeeeeees
quartooooooooooooooooooooooooooooooooooooooos
cinqueeeeeeeeeeeeeeeeeeeeeeeeeeeeeeeeeeeeee
profondità: 8
quartooooooooooooooooooooooooooooooooooooooos
cinqueeeeeeeeeeeeeeeeeeeeeeeeeeeeeeeeeeeeee
profondità: 8
quartooooooooooooooooooooooooooooooooooooooos
cinqueeeeeeeeeeeeeeeeeeeeeeeeeeeeeeeeeeeeee
profondità: 6
oneeeeeeeeeeeeeeeeeeeeeeeeee
treeeeeeeeeeeeeeeeeeees
quartooooooooooooooooooooooooooooooooooooooos
cinqueeeeeeeeeeeeeeeeeeeeeeeeeeeeeeeeeeeeee
profondità: 7
oneeeeeeeeeeeeeeeeeeeeeeeeee
treeeeeeeeeeeeeeeeeeees
quartooooooooooooooooooooooooooooooooooooooos
cinqueeeeeeeeeeeeeeeeeeeeeeeeeeeeeeeeeeeeee
profondità: 8
quartooooooooooooooooooooooooooooooooooooooos
cinqueeeeeeeeeeeeeeeeeeeeeeeeeeeeeeeeeeeeee
profondità: 8
quartooooooooooooooooooooooooooooooooooooooos
cinqueeeeeeeeeeeeeeeeeeeeeeeeeeeeeeeeeeeeee
profondità: 7
oneeeeeeeeeeeeeeeeeeeeeeeeee
treeeeeeeeeeeeeeeeeeees
quartooooooooooooooooooooooooooooooooooooooos
cinqueeeeeeeeeeeeeeeeeeeeeeeeeeeeeeeeeeeeee
profondità: 8
quartooooooooooooooooooooooooooooooooooooooos
cinqueeeeeeeeeeeeeeeeeeeeeeeeeeeeeeeeeeeeee
profondità: 8
quartooooooooooooooooooooooooooooooooooooooos
cinqueeeeeeeeeeeeeeeeeeeeeeeeeeeeeeeeeeeeee
profondità: 5
oneeeeeeeeeeeeeeeeeeeeeeeeee
treeeeeeeeeeeeeeeeeeees
quartooooooooooooooooooooooooooooooooooooooos
cinqueeeeeeeeeeeeeeeeeeeeeeeeeeeeeeeeeeeeee
profondità: 6
oneeeeeeeeeeeeeeeeeeeeeeeeee
treeeeeeeeeeeeeeeeeeees
quartooooooooooooooooooooooooooooooooooooooos
cinqueeeeeeeeeeeeeeeeeeeeeeeeeeeeeeeeeeeeee
profondità: 7
oneeeeeeeeeeeeeeeeeeeeeeeeee
treeeeeeeeeeeeeeeeeeees
quartooooooooooooooooooooooooooooooooooooooos
cinqueeeeeeeeeeeeeeeeeeeeeeeeeeeeeeeeeeeeee
profondità: 8
quartooooooooooooooooooooooooooooooooooooooos
cinqueeeeeeeeeeeeeeeeeeeeeeeeeeeeeeeeeeeeee
profondità: 8
quartooooooooooooooooooooooooooooooooooooooos
cinqueeeeeeeeeeeeeeeeeeeeeeeeeeeeeeeeeeeeee
profondità: 7
oneeeeeeeeeeeeeeeeeeeeeeeeee
treeeeeeeeeeeeeeeeeeees
quartooooooooooooooooooooooooooooooooooooooos
cinqueeeeeeeeeeeeeeeeeeeeeeeeeeeeeeeeeeeeee
profondità: 8
quartooooooooooooooooooooooooooooooooooooooos
cinqueeeeeeeeeeeeeeeeeeeeeeeeeeeeeeeeeeeeee
profondità: 8
quartooooooooooooooooooooooooooooooooooooooos
cinqueeeeeeeeeeeeeeeeeeeeeeeeeeeeeeeeeeeeee
profondità: 6
oneeeeeeeeeeeeeeeeeeeeeeeeee
treeeeeeeeeeeeeeeeeeees
quartooooooooooooooooooooooooooooooooooooooos
cinqueeeeeeeeeeeeeeeeeeeeeeeeeeeeeeeeeeeeee
profondità: 7
oneeeeeeeeeeeeeeeeeeeeeeeeee
treeeeeeeeeeeeeeeeeeees
quartooooooooooooooooooooooooooooooooooooooos
cinqueeeeeeeeeeeeeeeeeeeeeeeeeeeeeeeeeeeeee
profondità: 8
quartooooooooooooooooooooooooooooooooooooooos
cinqueeeeeeeeeeeeeeeeeeeeeeeeeeeeeeeeeeeeee
profondità: 8
quartooooooooooooooooooooooooooooooooooooooos
cinqueeeeeeeeeeeeeeeeeeeeeeeeeeeeeeeeeeeeee
profondità: 7
oneeeeeeeeeeeeeeeeeeeeeeeeee
treeeeeeeeeeeeeeeeeeees
quartooooooooooooooooooooooooooooooooooooooos
cinqueeeeeeeeeeeeeeeeeeeeeeeeeeeeeeeeeeeeee
profondità: 8
quartooooooooooooooooooooooooooooooooooooooos
cinqueeeeeeeeeeeeeeeeeeeeeeeeeeeeeeeeeeeeee
profondità: 8
quartooooooooooooooooooooooooooooooooooooooos
cinqueeeeeeeeeeeeeeeeeeeeeeeeeeeeeeeeeeeeee
profondità: 3
oneeeeeeeeeeeeeeeeeeeeeeeeee
treeeeeeeeeeeeeeeeeeees
quartooooooooooooooooooooooooooooooooooooooos
cinqueeeeeeeeeeeeeeeeeeeeeeeeeeeeeeeeeeeeee
profondità: 4
oneeeeeeeeeeeeeeeeeeeeeeeeee
treeeeeeeeeeeeeeeeeeees
quartooooooooooooooooooooooooooooooooooooooos
cinqueeeeeeeeeeeeeeeeeeeeeeeeeeeeeeeeeeeeee
profondità: 5
oneeeeeeeeeeeeeeeeeeeeeeeeee
treeeeeeeeeeeeeeeeeeees
quartooooooooooooooooooooooooooooooooooooooos
cinqueeeeeeeeeeeeeeeeeeeeeeeeeeeeeeeeeeeeee
profondità: 6
oneeeeeeeeeeeeeeeeeeeeeeeeee
treeeeeeeeeeeeeeeeeeees
quartooooooooooooooooooooooooooooooooooooooos
cinqueeeeeeeeeeeeeeeeeeeeeeeeeeeeeeeeeeeeee
profondità: 7
oneeeeeeeeeeeeeeeeeeeeeeeeee
treeeeeeeeeeeeeeeeeeees
quartooooooooooooooooooooooooooooooooooooooos
cinqueeeeeeeeeeeeeeeeeeeeeeeeeeeeeeeeeeeeee
profondità: 8
quartooooooooooooooooooooooooooooooooooooooos
cinqueeeeeeeeeeeeeeeeeeeeeeeeeeeeeeeeeeeeee
profondità: 8
quartooooooooooooooooooooooooooooooooooooooos
cinqueeeeeeeeeeeeeeeeeeeeeeeeeeeeeeeeeeeeee
profondità: 7
oneeeeeeeeeeeeeeeeeeeeeeeeee
treeeeeeeeeeeeeeeeeeees
quartooooooooooooooooooooooooooooooooooooooos
cinqueeeeeeeeeeeeeeeeeeeeeeeeeeeeeeeeeeeeee
profondità: 8
quartooooooooooooooooooooooooooooooooooooooos
cinqueeeeeeeeeeeeeeeeeeeeeeeeeeeeeeeeeeeeee
profondità: 8
quartooooooooooooooooooooooooooooooooooooooos
cinqueeeeeeeeeeeeeeeeeeeeeeeeeeeeeeeeeeeeee
profondità: 6
oneeeeeeeeeeeeeeeeeeeeeeeeee
treeeeeeeeeeeeeeeeeeees
quartooooooooooooooooooooooooooooooooooooooos
cinqueeeeeeeeeeeeeeeeeeeeeeeeeeeeeeeeeeeeee
profondità: 7
oneeeeeeeeeeeeeeeeeeeeeeeeee
treeeeeeeeeeeeeeeeeeees
quartooooooooooooooooooooooooooooooooooooooos
cinqueeeeeeeeeeeeeeeeeeeeeeeeeeeeeeeeeeeeee
profondità: 8
quartooooooooooooooooooooooooooooooooooooooos
cinqueeeeeeeeeeeeeeeeeeeeeeeeeeeeeeeeeeeeee
profondità: 8
quartooooooooooooooooooooooooooooooooooooooos
cinqueeeeeeeeeeeeeeeeeeeeeeeeeeeeeeeeeeeeee
profondità: 7
oneeeeeeeeeeeeeeeeeeeeeeeeee
treeeeeeeeeeeeeeeeeeees
quartooooooooooooooooooooooooooooooooooooooos
cinqueeeeeeeeeeeeeeeeeeeeeeeeeeeeeeeeeeeeee
profondità: 8
quartooooooooooooooooooooooooooooooooooooooos
cinqueeeeeeeeeeeeeeeeeeeeeeeeeeeeeeeeeeeeee
profondità: 8
quartooooooooooooooooooooooooooooooooooooooos
cinqueeeeeeeeeeeeeeeeeeeeeeeeeeeeeeeeeeeeee
profondità: 5
oneeeeeeeeeeeeeeeeeeeeeeeeee
treeeeeeeeeeeeeeeeeeees
quartooooooooooooooooooooooooooooooooooooooos
cinqueeeeeeeeeeeeeeeeeeeeeeeeeeeeeeeeeeeeee
profondità: 6
oneeeeeeeeeeeeeeeeeeeeeeeeee
treeeeeeeeeeeeeeeeeeees
quartooooooooooooooooooooooooooooooooooooooos
cinqueeeeeeeeeeeeeeeeeeeeeeeeeeeeeeeeeeeeee
profondità: 7
oneeeeeeeeeeeeeeeeeeeeeeeeee
treeeeeeeeeeeeeeeeeeees
quartooooooooooooooooooooooooooooooooooooooos
cinqueeeeeeeeeeeeeeeeeeeeeeeeeeeeeeeeeeeeee
profondità: 8
quartooooooooooooooooooooooooooooooooooooooos
cinqueeeeeeeeeeeeeeeeeeeeeeeeeeeeeeeeeeeeee
profondità: 8
quartooooooooooooooooooooooooooooooooooooooos
cinqueeeeeeeeeeeeeeeeeeeeeeeeeeeeeeeeeeeeee
profondità: 7
oneeeeeeeeeeeeeeeeeeeeeeeeee
treeeeeeeeeeeeeeeeeeees
quartooooooooooooooooooooooooooooooooooooooos
cinqueeeeeeeeeeeeeeeeeeeeeeeeeeeeeeeeeeeeee
profondità: 8
quartooooooooooooooooooooooooooooooooooooooos
cinqueeeeeeeeeeeeeeeeeeeeeeeeeeeeeeeeeeeeee
profondità: 8
quartooooooooooooooooooooooooooooooooooooooos
cinqueeeeeeeeeeeeeeeeeeeeeeeeeeeeeeeeeeeeee
profondità: 6
oneeeeeeeeeeeeeeeeeeeeeeeeee
treeeeeeeeeeeeeeeeeeees
quartooooooooooooooooooooooooooooooooooooooos
cinqueeeeeeeeeeeeeeeeeeeeeeeeeeeeeeeeeeeeee
profondità: 7
oneeeeeeeeeeeeeeeeeeeeeeeeee
treeeeeeeeeeeeeeeeeeees
quartooooooooooooooooooooooooooooooooooooooos
cinqueeeeeeeeeeeeeeeeeeeeeeeeeeeeeeeeeeeeee
profondità: 8
quartooooooooooooooooooooooooooooooooooooooos
cinqueeeeeeeeeeeeeeeeeeeeeeeeeeeeeeeeeeeeee
profondità: 8
quartooooooooooooooooooooooooooooooooooooooos
cinqueeeeeeeeeeeeeeeeeeeeeeeeeeeeeeeeeeeeee
profondità: 7
oneeeeeeeeeeeeeeeeeeeeeeeeee
treeeeeeeeeeeeeeeeeeees
quartooooooooooooooooooooooooooooooooooooooos
cinqueeeeeeeeeeeeeeeeeeeeeeeeeeeeeeeeeeeeee
profondità: 8
quartooooooooooooooooooooooooooooooooooooooos
cinqueeeeeeeeeeeeeeeeeeeeeeeeeeeeeeeeeeeeee
profondità: 8
quartooooooooooooooooooooooooooooooooooooooos
cinqueeeeeeeeeeeeeeeeeeeeeeeeeeeeeeeeeeeeee
profondità: 4
oneeeeeeeeeeeeeeeeeeeeeeeeee
treeeeeeeeeeeeeeeeeeees
quartooooooooooooooooooooooooooooooooooooooos
cinqueeeeeeeeeeeeeeeeeeeeeeeeeeeeeeeeeeeeee
profondità: 5
oneeeeeeeeeeeeeeeeeeeeeeeeee
treeeeeeeeeeeeeeeeeeees
quartooooooooooooooooooooooooooooooooooooooos
cinqueeeeeeeeeeeeeeeeeeeeeeeeeeeeeeeeeeeeee
profondità: 6
oneeeeeeeeeeeeeeeeeeeeeeeeee
treeeeeeeeeeeeeeeeeeees
quartooooooooooooooooooooooooooooooooooooooos
cinqueeeeeeeeeeeeeeeeeeeeeeeeeeeeeeeeeeeeee
profondità: 7
oneeeeeeeeeeeeeeeeeeeeeeeeee
treeeeeeeeeeeeeeeeeeees
quartooooooooooooooooooooooooooooooooooooooos
cinqueeeeeeeeeeeeeeeeeeeeeeeeeeeeeeeeeeeeee
profondità: 8
quartooooooooooooooooooooooooooooooooooooooos
cinqueeeeeeeeeeeeeeeeeeeeeeeeeeeeeeeeeeeeee
profondità: 8
quartooooooooooooooooooooooooooooooooooooooos
cinqueeeeeeeeeeeeeeeeeeeeeeeeeeeeeeeeeeeeee
profondità: 7
oneeeeeeeeeeeeeeeeeeeeeeeeee
treeeeeeeeeeeeeeeeeeees
quartooooooooooooooooooooooooooooooooooooooos
cinqueeeeeeeeeeeeeeeeeeeeeeeeeeeeeeeeeeeeee
profondità: 8
quartooooooooooooooooooooooooooooooooooooooos
cinqueeeeeeeeeeeeeeeeeeeeeeeeeeeeeeeeeeeeee
profondità: 8
quartooooooooooooooooooooooooooooooooooooooos
cinqueeeeeeeeeeeeeeeeeeeeeeeeeeeeeeeeeeeeee
profondità: 6
oneeeeeeeeeeeeeeeeeeeeeeeeee
treeeeeeeeeeeeeeeeeeees
quartooooooooooooooooooooooooooooooooooooooos
cinqueeeeeeeeeeeeeeeeeeeeeeeeeeeeeeeeeeeeee
profondità: 7
oneeeeeeeeeeeeeeeeeeeeeeeeee
treeeeeeeeeeeeeeeeeeees
quartooooooooooooooooooooooooooooooooooooooos
cinqueeeeeeeeeeeeeeeeeeeeeeeeeeeeeeeeeeeeee
profondità: 8
quartooooooooooooooooooooooooooooooooooooooos
cinqueeeeeeeeeeeeeeeeeeeeeeeeeeeeeeeeeeeeee
profondità: 8
quartooooooooooooooooooooooooooooooooooooooos
cinqueeeeeeeeeeeeeeeeeeeeeeeeeeeeeeeeeeeeee
profondità: 7
oneeeeeeeeeeeeeeeeeeeeeeeeee
treeeeeeeeeeeeeeeeeeees
quartooooooooooooooooooooooooooooooooooooooos
cinqueeeeeeeeeeeeeeeeeeeeeeeeeeeeeeeeeeeeee
profondità: 8
quartooooooooooooooooooooooooooooooooooooooos
cinqueeeeeeeeeeeeeeeeeeeeeeeeeeeeeeeeeeeeee
profondità: 8
quartooooooooooooooooooooooooooooooooooooooos
cinqueeeeeeeeeeeeeeeeeeeeeeeeeeeeeeeeeeeeee
profondità: 5
oneeeeeeeeeeeeeeeeeeeeeeeeee
treeeeeeeeeeeeeeeeeeees
quartooooooooooooooooooooooooooooooooooooooos
cinqueeeeeeeeeeeeeeeeeeeeeeeeeeeeeeeeeeeeee
profondità: 6
oneeeeeeeeeeeeeeeeeeeeeeeeee
treeeeeeeeeeeeeeeeeeees
quartooooooooooooooooooooooooooooooooooooooos
cinqueeeeeeeeeeeeeeeeeeeeeeeeeeeeeeeeeeeeee
profondità: 7
oneeeeeeeeeeeeeeeeeeeeeeeeee
treeeeeeeeeeeeeeeeeeees
quartooooooooooooooooooooooooooooooooooooooos
cinqueeeeeeeeeeeeeeeeeeeeeeeeeeeeeeeeeeeeee
profondità: 8
quartooooooooooooooooooooooooooooooooooooooos
cinqueeeeeeeeeeeeeeeeeeeeeeeeeeeeeeeeeeeeee
profondità: 8
quartooooooooooooooooooooooooooooooooooooooos
cinqueeeeeeeeeeeeeeeeeeeeeeeeeeeeeeeeeeeeee
profondità: 7
oneeeeeeeeeeeeeeeeeeeeeeeeee
treeeeeeeeeeeeeeeeeeees
quartooooooooooooooooooooooooooooooooooooooos
cinqueeeeeeeeeeeeeeeeeeeeeeeeeeeeeeeeeeeeee
profondità: 8
quartooooooooooooooooooooooooooooooooooooooos
cinqueeeeeeeeeeeeeeeeeeeeeeeeeeeeeeeeeeeeee
profondità: 8
quartooooooooooooooooooooooooooooooooooooooos
cinqueeeeeeeeeeeeeeeeeeeeeeeeeeeeeeeeeeeeee
profondità: 6
oneeeeeeeeeeeeeeeeeeeeeeeeee
treeeeeeeeeeeeeeeeeeees
quartooooooooooooooooooooooooooooooooooooooos
cinqueeeeeeeeeeeeeeeeeeeeeeeeeeeeeeeeeeeeee
profondità: 7
oneeeeeeeeeeeeeeeeeeeeeeeeee
treeeeeeeeeeeeeeeeeeees
quartooooooooooooooooooooooooooooooooooooooos
cinqueeeeeeeeeeeeeeeeeeeeeeeeeeeeeeeeeeeeee
profondità: 8
quartooooooooooooooooooooooooooooooooooooooos
cinqueeeeeeeeeeeeeeeeeeeeeeeeeeeeeeeeeeeeee
profondità: 8
quartooooooooooooooooooooooooooooooooooooooos
cinqueeeeeeeeeeeeeeeeeeeeeeeeeeeeeeeeeeeeee
profondità: 7
oneeeeeeeeeeeeeeeeeeeeeeeeee
treeeeeeeeeeeeeeeeeeees
quartooooooooooooooooooooooooooooooooooooooos
cinqueeeeeeeeeeeeeeeeeeeeeeeeeeeeeeeeeeeeee
profondità: 8
quartooooooooooooooooooooooooooooooooooooooos
cinqueeeeeeeeeeeeeeeeeeeeeeeeeeeeeeeeeeeeee
profondità: 8
quartooooooooooooooooooooooooooooooooooooooos
cinqueeeeeeeeeeeeeeeeeeeeeeeeeeeeeeeeeeeeee
profondità: 2
oneeeeeeeeeeeeeeeeeeeeeeeeee
treeeeeeeeeeeeeeeeeeees
quartooooooooooooooooooooooooooooooooooooooos
cinqueeeeeeeeeeeeeeeeeeeeeeeeeeeeeeeeeeeeee
profondità: 3
oneeeeeeeeeeeeeeeeeeeeeeeeee
treeeeeeeeeeeeeeeeeeees
quartooooooooooooooooooooooooooooooooooooooos
cinqueeeeeeeeeeeeeeeeeeeeeeeeeeeeeeeeeeeeee
profondità: 4
oneeeeeeeeeeeeeeeeeeeeeeeeee
treeeeeeeeeeeeeeeeeeees
quartooooooooooooooooooooooooooooooooooooooos
cinqueeeeeeeeeeeeeeeeeeeeeeeeeeeeeeeeeeeeee
profondità: 5
oneeeeeeeeeeeeeeeeeeeeeeeeee
treeeeeeeeeeeeeeeeeeees
quartooooooooooooooooooooooooooooooooooooooos
cinqueeeeeeeeeeeeeeeeeeeeeeeeeeeeeeeeeeeeee
profondità: 6
oneeeeeeeeeeeeeeeeeeeeeeeeee
treeeeeeeeeeeeeeeeeeees
quartooooooooooooooooooooooooooooooooooooooos
cinqueeeeeeeeeeeeeeeeeeeeeeeeeeeeeeeeeeeeee
profondità: 7
oneeeeeeeeeeeeeeeeeeeeeeeeee
treeeeeeeeeeeeeeeeeeees
quartooooooooooooooooooooooooooooooooooooooos
cinqueeeeeeeeeeeeeeeeeeeeeeeeeeeeeeeeeeeeee
profondità: 8
quartooooooooooooooooooooooooooooooooooooooos
cinqueeeeeeeeeeeeeeeeeeeeeeeeeeeeeeeeeeeeee
profondità: 8
quartooooooooooooooooooooooooooooooooooooooos
cinqueeeeeeeeeeeeeeeeeeeeeeeeeeeeeeeeeeeeee
profondità: 7
oneeeeeeeeeeeeeeeeeeeeeeeeee
treeeeeeeeeeeeeeeeeeees
quartooooooooooooooooooooooooooooooooooooooos
cinqueeeeeeeeeeeeeeeeeeeeeeeeeeeeeeeeeeeeee
profondità: 8
quartooooooooooooooooooooooooooooooooooooooos
cinqueeeeeeeeeeeeeeeeeeeeeeeeeeeeeeeeeeeeee
profondità: 8
quartooooooooooooooooooooooooooooooooooooooos
cinqueeeeeeeeeeeeeeeeeeeeeeeeeeeeeeeeeeeeee
profondità: 6
oneeeeeeeeeeeeeeeeeeeeeeeeee
treeeeeeeeeeeeeeeeeeees
quartooooooooooooooooooooooooooooooooooooooos
cinqueeeeeeeeeeeeeeeeeeeeeeeeeeeeeeeeeeeeee
profondità: 7
oneeeeeeeeeeeeeeeeeeeeeeeeee
treeeeeeeeeeeeeeeeeeees
quartooooooooooooooooooooooooooooooooooooooos
cinqueeeeeeeeeeeeeeeeeeeeeeeeeeeeeeeeeeeeee
profondità: 8
quartooooooooooooooooooooooooooooooooooooooos
cinqueeeeeeeeeeeeeeeeeeeeeeeeeeeeeeeeeeeeee
profondità: 8
quartooooooooooooooooooooooooooooooooooooooos
cinqueeeeeeeeeeeeeeeeeeeeeeeeeeeeeeeeeeeeee
profondità: 7
oneeeeeeeeeeeeeeeeeeeeeeeeee
treeeeeeeeeeeeeeeeeeees
quartooooooooooooooooooooooooooooooooooooooos
cinqueeeeeeeeeeeeeeeeeeeeeeeeeeeeeeeeeeeeee
profondità: 8
quartooooooooooooooooooooooooooooooooooooooos
cinqueeeeeeeeeeeeeeeeeeeeeeeeeeeeeeeeeeeeee
profondità: 8
quartooooooooooooooooooooooooooooooooooooooos
cinqueeeeeeeeeeeeeeeeeeeeeeeeeeeeeeeeeeeeee
profondità: 5
oneeeeeeeeeeeeeeeeeeeeeeeeee
treeeeeeeeeeeeeeeeeeees
quartooooooooooooooooooooooooooooooooooooooos
cinqueeeeeeeeeeeeeeeeeeeeeeeeeeeeeeeeeeeeee
profondità: 6
oneeeeeeeeeeeeeeeeeeeeeeeeee
treeeeeeeeeeeeeeeeeeees
quartooooooooooooooooooooooooooooooooooooooos
cinqueeeeeeeeeeeeeeeeeeeeeeeeeeeeeeeeeeeeee
profondità: 7
oneeeeeeeeeeeeeeeeeeeeeeeeee
treeeeeeeeeeeeeeeeeeees
quartooooooooooooooooooooooooooooooooooooooos
cinqueeeeeeeeeeeeeeeeeeeeeeeeeeeeeeeeeeeeee
profondità: 8
quartooooooooooooooooooooooooooooooooooooooos
cinqueeeeeeeeeeeeeeeeeeeeeeeeeeeeeeeeeeeeee
profondità: 8
quartooooooooooooooooooooooooooooooooooooooos
cinqueeeeeeeeeeeeeeeeeeeeeeeeeeeeeeeeeeeeee
profondità: 7
oneeeeeeeeeeeeeeeeeeeeeeeeee
treeeeeeeeeeeeeeeeeeees
quartooooooooooooooooooooooooooooooooooooooos
cinqueeeeeeeeeeeeeeeeeeeeeeeeeeeeeeeeeeeeee
profondità: 8
quartooooooooooooooooooooooooooooooooooooooos
cinqueeeeeeeeeeeeeeeeeeeeeeeeeeeeeeeeeeeeee
profondità: 8
quartooooooooooooooooooooooooooooooooooooooos
cinqueeeeeeeeeeeeeeeeeeeeeeeeeeeeeeeeeeeeee
profondità: 6
oneeeeeeeeeeeeeeeeeeeeeeeeee
treeeeeeeeeeeeeeeeeeees
quartooooooooooooooooooooooooooooooooooooooos
cinqueeeeeeeeeeeeeeeeeeeeeeeeeeeeeeeeeeeeee
profondità: 7
oneeeeeeeeeeeeeeeeeeeeeeeeee
treeeeeeeeeeeeeeeeeeees
quartooooooooooooooooooooooooooooooooooooooos
cinqueeeeeeeeeeeeeeeeeeeeeeeeeeeeeeeeeeeeee
profondità: 8
quartooooooooooooooooooooooooooooooooooooooos
cinqueeeeeeeeeeeeeeeeeeeeeeeeeeeeeeeeeeeeee
profondità: 8
quartooooooooooooooooooooooooooooooooooooooos
cinqueeeeeeeeeeeeeeeeeeeeeeeeeeeeeeeeeeeeee
profondità: 7
oneeeeeeeeeeeeeeeeeeeeeeeeee
treeeeeeeeeeeeeeeeeeees
quartooooooooooooooooooooooooooooooooooooooos
cinqueeeeeeeeeeeeeeeeeeeeeeeeeeeeeeeeeeeeee
profondità: 8
quartooooooooooooooooooooooooooooooooooooooos
cinqueeeeeeeeeeeeeeeeeeeeeeeeeeeeeeeeeeeeee
profondità: 8
quartooooooooooooooooooooooooooooooooooooooos
cinqueeeeeeeeeeeeeeeeeeeeeeeeeeeeeeeeeeeeee
profondità: 4
oneeeeeeeeeeeeeeeeeeeeeeeeee
treeeeeeeeeeeeeeeeeeees
quartooooooooooooooooooooooooooooooooooooooos
cinqueeeeeeeeeeeeeeeeeeeeeeeeeeeeeeeeeeeeee
profondità: 5
oneeeeeeeeeeeeeeeeeeeeeeeeee
treeeeeeeeeeeeeeeeeeees
quartooooooooooooooooooooooooooooooooooooooos
cinqueeeeeeeeeeeeeeeeeeeeeeeeeeeeeeeeeeeeee
profondità: 6
oneeeeeeeeeeeeeeeeeeeeeeeeee
treeeeeeeeeeeeeeeeeeees
quartooooooooooooooooooooooooooooooooooooooos
cinqueeeeeeeeeeeeeeeeeeeeeeeeeeeeeeeeeeeeee
profondità: 7
oneeeeeeeeeeeeeeeeeeeeeeeeee
treeeeeeeeeeeeeeeeeeees
quartooooooooooooooooooooooooooooooooooooooos
cinqueeeeeeeeeeeeeeeeeeeeeeeeeeeeeeeeeeeeee
profondità: 8
quartooooooooooooooooooooooooooooooooooooooos
cinqueeeeeeeeeeeeeeeeeeeeeeeeeeeeeeeeeeeeee
profondità: 8
quartooooooooooooooooooooooooooooooooooooooos
cinqueeeeeeeeeeeeeeeeeeeeeeeeeeeeeeeeeeeeee
profondità: 7
oneeeeeeeeeeeeeeeeeeeeeeeeee
treeeeeeeeeeeeeeeeeeees
quartooooooooooooooooooooooooooooooooooooooos
cinqueeeeeeeeeeeeeeeeeeeeeeeeeeeeeeeeeeeeee
profondità: 8
quartooooooooooooooooooooooooooooooooooooooos
cinqueeeeeeeeeeeeeeeeeeeeeeeeeeeeeeeeeeeeee
profondità: 8
quartooooooooooooooooooooooooooooooooooooooos
cinqueeeeeeeeeeeeeeeeeeeeeeeeeeeeeeeeeeeeee
profondità: 6
oneeeeeeeeeeeeeeeeeeeeeeeeee
treeeeeeeeeeeeeeeeeeees
quartooooooooooooooooooooooooooooooooooooooos
cinqueeeeeeeeeeeeeeeeeeeeeeeeeeeeeeeeeeeeee
profondità: 7
oneeeeeeeeeeeeeeeeeeeeeeeeee
treeeeeeeeeeeeeeeeeeees
quartooooooooooooooooooooooooooooooooooooooos
cinqueeeeeeeeeeeeeeeeeeeeeeeeeeeeeeeeeeeeee
profondità: 8
quartooooooooooooooooooooooooooooooooooooooos
cinqueeeeeeeeeeeeeeeeeeeeeeeeeeeeeeeeeeeeee
profondità: 8
quartooooooooooooooooooooooooooooooooooooooos
cinqueeeeeeeeeeeeeeeeeeeeeeeeeeeeeeeeeeeeee
profondità: 7
oneeeeeeeeeeeeeeeeeeeeeeeeee
treeeeeeeeeeeeeeeeeeees
quartooooooooooooooooooooooooooooooooooooooos
cinqueeeeeeeeeeeeeeeeeeeeeeeeeeeeeeeeeeeeee
profondità: 8
quartooooooooooooooooooooooooooooooooooooooos
cinqueeeeeeeeeeeeeeeeeeeeeeeeeeeeeeeeeeeeee
profondità: 8
quartooooooooooooooooooooooooooooooooooooooos
cinqueeeeeeeeeeeeeeeeeeeeeeeeeeeeeeeeeeeeee
profondità: 5
oneeeeeeeeeeeeeeeeeeeeeeeeee
treeeeeeeeeeeeeeeeeeees
quartooooooooooooooooooooooooooooooooooooooos
cinqueeeeeeeeeeeeeeeeeeeeeeeeeeeeeeeeeeeeee
profondità: 6
oneeeeeeeeeeeeeeeeeeeeeeeeee
treeeeeeeeeeeeeeeeeeees
quartooooooooooooooooooooooooooooooooooooooos
cinqueeeeeeeeeeeeeeeeeeeeeeeeeeeeeeeeeeeeee
profondità: 7
oneeeeeeeeeeeeeeeeeeeeeeeeee
treeeeeeeeeeeeeeeeeeees
quartooooooooooooooooooooooooooooooooooooooos
cinqueeeeeeeeeeeeeeeeeeeeeeeeeeeeeeeeeeeeee
profondità: 8
quartooooooooooooooooooooooooooooooooooooooos
cinqueeeeeeeeeeeeeeeeeeeeeeeeeeeeeeeeeeeeee
profondità: 8
quartooooooooooooooooooooooooooooooooooooooos
cinqueeeeeeeeeeeeeeeeeeeeeeeeeeeeeeeeeeeeee
profondità: 7
oneeeeeeeeeeeeeeeeeeeeeeeeee
treeeeeeeeeeeeeeeeeeees
quartooooooooooooooooooooooooooooooooooooooos
cinqueeeeeeeeeeeeeeeeeeeeeeeeeeeeeeeeeeeeee
profondità: 8
quartooooooooooooooooooooooooooooooooooooooos
cinqueeeeeeeeeeeeeeeeeeeeeeeeeeeeeeeeeeeeee
profondità: 8
quartooooooooooooooooooooooooooooooooooooooos
cinqueeeeeeeeeeeeeeeeeeeeeeeeeeeeeeeeeeeeee
profondità: 6
oneeeeeeeeeeeeeeeeeeeeeeeeee
treeeeeeeeeeeeeeeeeeees
quartooooooooooooooooooooooooooooooooooooooos
cinqueeeeeeeeeeeeeeeeeeeeeeeeeeeeeeeeeeeeee
profondità: 7
oneeeeeeeeeeeeeeeeeeeeeeeeee
treeeeeeeeeeeeeeeeeeees
quartooooooooooooooooooooooooooooooooooooooos
cinqueeeeeeeeeeeeeeeeeeeeeeeeeeeeeeeeeeeeee
profondità: 8
quartooooooooooooooooooooooooooooooooooooooos
cinqueeeeeeeeeeeeeeeeeeeeeeeeeeeeeeeeeeeeee
profondità: 8
quartooooooooooooooooooooooooooooooooooooooos
cinqueeeeeeeeeeeeeeeeeeeeeeeeeeeeeeeeeeeeee
profondità: 7
oneeeeeeeeeeeeeeeeeeeeeeeeee
treeeeeeeeeeeeeeeeeeees
quartooooooooooooooooooooooooooooooooooooooos
cinqueeeeeeeeeeeeeeeeeeeeeeeeeeeeeeeeeeeeee
profondità: 8
quartooooooooooooooooooooooooooooooooooooooos
cinqueeeeeeeeeeeeeeeeeeeeeeeeeeeeeeeeeeeeee
profondità: 8
quartooooooooooooooooooooooooooooooooooooooos
cinqueeeeeeeeeeeeeeeeeeeeeeeeeeeeeeeeeeeeee
profondità: 3
oneeeeeeeeeeeeeeeeeeeeeeeeee
treeeeeeeeeeeeeeeeeeees
quartooooooooooooooooooooooooooooooooooooooos
cinqueeeeeeeeeeeeeeeeeeeeeeeeeeeeeeeeeeeeee
profondità: 4
oneeeeeeeeeeeeeeeeeeeeeeeeee
treeeeeeeeeeeeeeeeeeees
quartooooooooooooooooooooooooooooooooooooooos
cinqueeeeeeeeeeeeeeeeeeeeeeeeeeeeeeeeeeeeee
profondità: 5
oneeeeeeeeeeeeeeeeeeeeeeeeee
treeeeeeeeeeeeeeeeeeees
quartooooooooooooooooooooooooooooooooooooooos
cinqueeeeeeeeeeeeeeeeeeeeeeeeeeeeeeeeeeeeee
profondità: 6
oneeeeeeeeeeeeeeeeeeeeeeeeee
treeeeeeeeeeeeeeeeeeees
quartooooooooooooooooooooooooooooooooooooooos
cinqueeeeeeeeeeeeeeeeeeeeeeeeeeeeeeeeeeeeee
profondità: 7
oneeeeeeeeeeeeeeeeeeeeeeeeee
treeeeeeeeeeeeeeeeeeees
quartooooooooooooooooooooooooooooooooooooooos
cinqueeeeeeeeeeeeeeeeeeeeeeeeeeeeeeeeeeeeee
profondità: 8
quartooooooooooooooooooooooooooooooooooooooos
cinqueeeeeeeeeeeeeeeeeeeeeeeeeeeeeeeeeeeeee
profondità: 8
quartooooooooooooooooooooooooooooooooooooooos
cinqueeeeeeeeeeeeeeeeeeeeeeeeeeeeeeeeeeeeee
profondità: 7
oneeeeeeeeeeeeeeeeeeeeeeeeee
treeeeeeeeeeeeeeeeeeees
quartooooooooooooooooooooooooooooooooooooooos
cinqueeeeeeeeeeeeeeeeeeeeeeeeeeeeeeeeeeeeee
profondità: 8
quartooooooooooooooooooooooooooooooooooooooos
cinqueeeeeeeeeeeeeeeeeeeeeeeeeeeeeeeeeeeeee
profondità: 8
quartooooooooooooooooooooooooooooooooooooooos
cinqueeeeeeeeeeeeeeeeeeeeeeeeeeeeeeeeeeeeee
profondità: 6
oneeeeeeeeeeeeeeeeeeeeeeeeee
treeeeeeeeeeeeeeeeeeees
quartooooooooooooooooooooooooooooooooooooooos
cinqueeeeeeeeeeeeeeeeeeeeeeeeeeeeeeeeeeeeee
profondità: 7
oneeeeeeeeeeeeeeeeeeeeeeeeee
treeeeeeeeeeeeeeeeeeees
quartooooooooooooooooooooooooooooooooooooooos
cinqueeeeeeeeeeeeeeeeeeeeeeeeeeeeeeeeeeeeee
profondità: 8
quartooooooooooooooooooooooooooooooooooooooos
cinqueeeeeeeeeeeeeeeeeeeeeeeeeeeeeeeeeeeeee
profondità: 8
quartooooooooooooooooooooooooooooooooooooooos
cinqueeeeeeeeeeeeeeeeeeeeeeeeeeeeeeeeeeeeee
profondità: 7
oneeeeeeeeeeeeeeeeeeeeeeeeee
treeeeeeeeeeeeeeeeeeees
quartooooooooooooooooooooooooooooooooooooooos
cinqueeeeeeeeeeeeeeeeeeeeeeeeeeeeeeeeeeeeee
profondità: 8
quartooooooooooooooooooooooooooooooooooooooos
cinqueeeeeeeeeeeeeeeeeeeeeeeeeeeeeeeeeeeeee
profondità: 8
quartooooooooooooooooooooooooooooooooooooooos
cinqueeeeeeeeeeeeeeeeeeeeeeeeeeeeeeeeeeeeee
profondità: 5
oneeeeeeeeeeeeeeeeeeeeeeeeee
treeeeeeeeeeeeeeeeeeees
quartooooooooooooooooooooooooooooooooooooooos
cinqueeeeeeeeeeeeeeeeeeeeeeeeeeeeeeeeeeeeee
profondità: 6
oneeeeeeeeeeeeeeeeeeeeeeeeee
treeeeeeeeeeeeeeeeeeees
quartooooooooooooooooooooooooooooooooooooooos
cinqueeeeeeeeeeeeeeeeeeeeeeeeeeeeeeeeeeeeee
profondità: 7
oneeeeeeeeeeeeeeeeeeeeeeeeee
treeeeeeeeeeeeeeeeeeees
quartooooooooooooooooooooooooooooooooooooooos
cinqueeeeeeeeeeeeeeeeeeeeeeeeeeeeeeeeeeeeee
profondità: 8
quartooooooooooooooooooooooooooooooooooooooos
cinqueeeeeeeeeeeeeeeeeeeeeeeeeeeeeeeeeeeeee
profondità: 8
quartooooooooooooooooooooooooooooooooooooooos
cinqueeeeeeeeeeeeeeeeeeeeeeeeeeeeeeeeeeeeee
profondità: 7
oneeeeeeeeeeeeeeeeeeeeeeeeee
treeeeeeeeeeeeeeeeeeees
quartooooooooooooooooooooooooooooooooooooooos
cinqueeeeeeeeeeeeeeeeeeeeeeeeeeeeeeeeeeeeee
profondità: 8
quartooooooooooooooooooooooooooooooooooooooos
cinqueeeeeeeeeeeeeeeeeeeeeeeeeeeeeeeeeeeeee
profondità: 8
quartooooooooooooooooooooooooooooooooooooooos
cinqueeeeeeeeeeeeeeeeeeeeeeeeeeeeeeeeeeeeee
profondità: 6
oneeeeeeeeeeeeeeeeeeeeeeeeee
treeeeeeeeeeeeeeeeeeees
quartooooooooooooooooooooooooooooooooooooooos
cinqueeeeeeeeeeeeeeeeeeeeeeeeeeeeeeeeeeeeee
profondità: 7
oneeeeeeeeeeeeeeeeeeeeeeeeee
treeeeeeeeeeeeeeeeeeees
quartooooooooooooooooooooooooooooooooooooooos
cinqueeeeeeeeeeeeeeeeeeeeeeeeeeeeeeeeeeeeee
profondità: 8
quartooooooooooooooooooooooooooooooooooooooos
cinqueeeeeeeeeeeeeeeeeeeeeeeeeeeeeeeeeeeeee
profondità: 8
quartooooooooooooooooooooooooooooooooooooooos
cinqueeeeeeeeeeeeeeeeeeeeeeeeeeeeeeeeeeeeee
profondità: 7
oneeeeeeeeeeeeeeeeeeeeeeeeee
treeeeeeeeeeeeeeeeeeees
quartooooooooooooooooooooooooooooooooooooooos
cinqueeeeeeeeeeeeeeeeeeeeeeeeeeeeeeeeeeeeee
profondità: 8
quartooooooooooooooooooooooooooooooooooooooos
cinqueeeeeeeeeeeeeeeeeeeeeeeeeeeeeeeeeeeeee
profondità: 8
quartooooooooooooooooooooooooooooooooooooooos
cinqueeeeeeeeeeeeeeeeeeeeeeeeeeeeeeeeeeeeee
profondità: 4
oneeeeeeeeeeeeeeeeeeeeeeeeee
treeeeeeeeeeeeeeeeeeees
quartooooooooooooooooooooooooooooooooooooooos
cinqueeeeeeeeeeeeeeeeeeeeeeeeeeeeeeeeeeeeee
profondità: 5
oneeeeeeeeeeeeeeeeeeeeeeeeee
treeeeeeeeeeeeeeeeeeees
quartooooooooooooooooooooooooooooooooooooooos
cinqueeeeeeeeeeeeeeeeeeeeeeeeeeeeeeeeeeeeee
profondità: 6
oneeeeeeeeeeeeeeeeeeeeeeeeee
treeeeeeeeeeeeeeeeeeees
quartooooooooooooooooooooooooooooooooooooooos
cinqueeeeeeeeeeeeeeeeeeeeeeeeeeeeeeeeeeeeee
profondità: 7
oneeeeeeeeeeeeeeeeeeeeeeeeee
treeeeeeeeeeeeeeeeeeees
quartooooooooooooooooooooooooooooooooooooooos
cinqueeeeeeeeeeeeeeeeeeeeeeeeeeeeeeeeeeeeee
profondità: 8
quartooooooooooooooooooooooooooooooooooooooos
cinqueeeeeeeeeeeeeeeeeeeeeeeeeeeeeeeeeeeeee
profondità: 8
quartooooooooooooooooooooooooooooooooooooooos
cinqueeeeeeeeeeeeeeeeeeeeeeeeeeeeeeeeeeeeee
profondità: 7
oneeeeeeeeeeeeeeeeeeeeeeeeee
treeeeeeeeeeeeeeeeeeees
quartooooooooooooooooooooooooooooooooooooooos
cinqueeeeeeeeeeeeeeeeeeeeeeeeeeeeeeeeeeeeee
profondità: 8
quartooooooooooooooooooooooooooooooooooooooos
cinqueeeeeeeeeeeeeeeeeeeeeeeeeeeeeeeeeeeeee
profondità: 8
quartooooooooooooooooooooooooooooooooooooooos
cinqueeeeeeeeeeeeeeeeeeeeeeeeeeeeeeeeeeeeee
profondità: 6
oneeeeeeeeeeeeeeeeeeeeeeeeee
treeeeeeeeeeeeeeeeeeees
quartooooooooooooooooooooooooooooooooooooooos
cinqueeeeeeeeeeeeeeeeeeeeeeeeeeeeeeeeeeeeee
profondità: 7
oneeeeeeeeeeeeeeeeeeeeeeeeee
treeeeeeeeeeeeeeeeeeees
quartooooooooooooooooooooooooooooooooooooooos
cinqueeeeeeeeeeeeeeeeeeeeeeeeeeeeeeeeeeeeee
profondità: 8
quartooooooooooooooooooooooooooooooooooooooos
cinqueeeeeeeeeeeeeeeeeeeeeeeeeeeeeeeeeeeeee
profondità: 8
quartooooooooooooooooooooooooooooooooooooooos
cinqueeeeeeeeeeeeeeeeeeeeeeeeeeeeeeeeeeeeee
profondità: 7
oneeeeeeeeeeeeeeeeeeeeeeeeee
treeeeeeeeeeeeeeeeeeees
quartooooooooooooooooooooooooooooooooooooooos
cinqueeeeeeeeeeeeeeeeeeeeeeeeeeeeeeeeeeeeee
profondità: 8
quartooooooooooooooooooooooooooooooooooooooos
cinqueeeeeeeeeeeeeeeeeeeeeeeeeeeeeeeeeeeeee
profondità: 8
quartooooooooooooooooooooooooooooooooooooooos
cinqueeeeeeeeeeeeeeeeeeeeeeeeeeeeeeeeeeeeee
profondità: 5
oneeeeeeeeeeeeeeeeeeeeeeeeee
treeeeeeeeeeeeeeeeeeees
quartooooooooooooooooooooooooooooooooooooooos
cinqueeeeeeeeeeeeeeeeeeeeeeeeeeeeeeeeeeeeee
profondità: 6
oneeeeeeeeeeeeeeeeeeeeeeeeee
treeeeeeeeeeeeeeeeeeees
quartooooooooooooooooooooooooooooooooooooooos
cinqueeeeeeeeeeeeeeeeeeeeeeeeeeeeeeeeeeeeee
profondità: 7
oneeeeeeeeeeeeeeeeeeeeeeeeee
treeeeeeeeeeeeeeeeeeees
quartooooooooooooooooooooooooooooooooooooooos
cinqueeeeeeeeeeeeeeeeeeeeeeeeeeeeeeeeeeeeee
profondità: 8
quartooooooooooooooooooooooooooooooooooooooos
cinqueeeeeeeeeeeeeeeeeeeeeeeeeeeeeeeeeeeeee
profondità: 8
quartooooooooooooooooooooooooooooooooooooooos
cinqueeeeeeeeeeeeeeeeeeeeeeeeeeeeeeeeeeeeee
profondità: 7
oneeeeeeeeeeeeeeeeeeeeeeeeee
treeeeeeeeeeeeeeeeeeees
quartooooooooooooooooooooooooooooooooooooooos
cinqueeeeeeeeeeeeeeeeeeeeeeeeeeeeeeeeeeeeee
profondità: 8
quartooooooooooooooooooooooooooooooooooooooos
cinqueeeeeeeeeeeeeeeeeeeeeeeeeeeeeeeeeeeeee
profondità: 8
quartooooooooooooooooooooooooooooooooooooooos
cinqueeeeeeeeeeeeeeeeeeeeeeeeeeeeeeeeeeeeee
profondità: 6
oneeeeeeeeeeeeeeeeeeeeeeeeee
treeeeeeeeeeeeeeeeeeees
quartooooooooooooooooooooooooooooooooooooooos
cinqueeeeeeeeeeeeeeeeeeeeeeeeeeeeeeeeeeeeee
profondità: 7
oneeeeeeeeeeeeeeeeeeeeeeeeee
treeeeeeeeeeeeeeeeeeees
quartooooooooooooooooooooooooooooooooooooooos
cinqueeeeeeeeeeeeeeeeeeeeeeeeeeeeeeeeeeeeee
profondità: 8
quartooooooooooooooooooooooooooooooooooooooos
cinqueeeeeeeeeeeeeeeeeeeeeeeeeeeeeeeeeeeeee
profondità: 8
quartooooooooooooooooooooooooooooooooooooooos
cinqueeeeeeeeeeeeeeeeeeeeeeeeeeeeeeeeeeeeee
profondità: 7
oneeeeeeeeeeeeeeeeeeeeeeeeee
treeeeeeeeeeeeeeeeeeees
quartooooooooooooooooooooooooooooooooooooooos
cinqueeeeeeeeeeeeeeeeeeeeeeeeeeeeeeeeeeeeee
profondità: 8
quartooooooooooooooooooooooooooooooooooooooos
cinqueeeeeeeeeeeeeeeeeeeeeeeeeeeeeeeeeeeeee
profondità: 8
quartooooooooooooooooooooooooooooooooooooooos
cinqueeeeeeeeeeeeeeeeeeeeeeeeeeeeeeeeeeeeee
profondità: 0
oneeeeeeeeeeeeeeeeeeeeeeeeee
treeeeeeeeeeeeeeeeeeees
quartooooooooooooooooooooooooooooooooooooooos
cinqueeeeeeeeeeeeeeeeeeeeeeeeeeeeeeeeeeeeee
profondità: 1
oneeeeeeeeeeeeeeeeeeeeeeeeee
treeeeeeeeeeeeeeeeeeees
quartooooooooooooooooooooooooooooooooooooooos
cinqueeeeeeeeeeeeeeeeeeeeeeeeeeeeeeeeeeeeee
profondità: 2
oneeeeeeeeeeeeeeeeeeeeeeeeee
treeeeeeeeeeeeeeeeeeees
quartooooooooooooooooooooooooooooooooooooooos
cinqueeeeeeeeeeeeeeeeeeeeeeeeeeeeeeeeeeeeee
profondità: 3
oneeeeeeeeeeeeeeeeeeeeeeeeee
treeeeeeeeeeeeeeeeeeees
quartooooooooooooooooooooooooooooooooooooooos
cinqueeeeeeeeeeeeeeeeeeeeeeeeeeeeeeeeeeeeee
profondità: 4
oneeeeeeeeeeeeeeeeeeeeeeeeee
treeeeeeeeeeeeeeeeeeees
quartooooooooooooooooooooooooooooooooooooooos
cinqueeeeeeeeeeeeeeeeeeeeeeeeeeeeeeeeeeeeee
profondità: 5
oneeeeeeeeeeeeeeeeeeeeeeeeee
treeeeeeeeeeeeeeeeeeees
quartooooooooooooooooooooooooooooooooooooooos
cinqueeeeeeeeeeeeeeeeeeeeeeeeeeeeeeeeeeeeee
profondità: 6
oneeeeeeeeeeeeeeeeeeeeeeeeee
treeeeeeeeeeeeeeeeeeees
quartooooooooooooooooooooooooooooooooooooooos
cinqueeeeeeeeeeeeeeeeeeeeeeeeeeeeeeeeeeeeee
profondità: 7
oneeeeeeeeeeeeeeeeeeeeeeeeee
treeeeeeeeeeeeeeeeeeees
quartooooooooooooooooooooooooooooooooooooooos
cinqueeeeeeeeeeeeeeeeeeeeeeeeeeeeeeeeeeeeee
profondità: 8
quartooooooooooooooooooooooooooooooooooooooos
cinqueeeeeeeeeeeeeeeeeeeeeeeeeeeeeeeeeeeeee
profondità: 8
quartooooooooooooooooooooooooooooooooooooooos
cinqueeeeeeeeeeeeeeeeeeeeeeeeeeeeeeeeeeeeee
profondità: 7
oneeeeeeeeeeeeeeeeeeeeeeeeee
treeeeeeeeeeeeeeeeeeees
quartooooooooooooooooooooooooooooooooooooooos
cinqueeeeeeeeeeeeeeeeeeeeeeeeeeeeeeeeeeeeee
profondità: 8
quartooooooooooooooooooooooooooooooooooooooos
cinqueeeeeeeeeeeeeeeeeeeeeeeeeeeeeeeeeeeeee
profondità: 8
quartooooooooooooooooooooooooooooooooooooooos
cinqueeeeeeeeeeeeeeeeeeeeeeeeeeeeeeeeeeeeee
profondità: 6
oneeeeeeeeeeeeeeeeeeeeeeeeee
treeeeeeeeeeeeeeeeeeees
quartooooooooooooooooooooooooooooooooooooooos
cinqueeeeeeeeeeeeeeeeeeeeeeeeeeeeeeeeeeeeee
profondità: 7
oneeeeeeeeeeeeeeeeeeeeeeeeee
treeeeeeeeeeeeeeeeeeees
quartooooooooooooooooooooooooooooooooooooooos
cinqueeeeeeeeeeeeeeeeeeeeeeeeeeeeeeeeeeeeee
profondità: 8
quartooooooooooooooooooooooooooooooooooooooos
cinqueeeeeeeeeeeeeeeeeeeeeeeeeeeeeeeeeeeeee
profondità: 8
quartooooooooooooooooooooooooooooooooooooooos
cinqueeeeeeeeeeeeeeeeeeeeeeeeeeeeeeeeeeeeee
profondità: 7
oneeeeeeeeeeeeeeeeeeeeeeeeee
treeeeeeeeeeeeeeeeeeees
quartooooooooooooooooooooooooooooooooooooooos
cinqueeeeeeeeeeeeeeeeeeeeeeeeeeeeeeeeeeeeee
profondità: 8
quartooooooooooooooooooooooooooooooooooooooos
cinqueeeeeeeeeeeeeeeeeeeeeeeeeeeeeeeeeeeeee
profondità: 8
quartooooooooooooooooooooooooooooooooooooooos
cinqueeeeeeeeeeeeeeeeeeeeeeeeeeeeeeeeeeeeee
profondità: 5
oneeeeeeeeeeeeeeeeeeeeeeeeee
treeeeeeeeeeeeeeeeeeees
quartooooooooooooooooooooooooooooooooooooooos
cinqueeeeeeeeeeeeeeeeeeeeeeeeeeeeeeeeeeeeee
profondità: 6
oneeeeeeeeeeeeeeeeeeeeeeeeee
treeeeeeeeeeeeeeeeeeees
quartooooooooooooooooooooooooooooooooooooooos
cinqueeeeeeeeeeeeeeeeeeeeeeeeeeeeeeeeeeeeee
profondità: 7
oneeeeeeeeeeeeeeeeeeeeeeeeee
treeeeeeeeeeeeeeeeeeees
quartooooooooooooooooooooooooooooooooooooooos
cinqueeeeeeeeeeeeeeeeeeeeeeeeeeeeeeeeeeeeee
profondità: 8
quartooooooooooooooooooooooooooooooooooooooos
cinqueeeeeeeeeeeeeeeeeeeeeeeeeeeeeeeeeeeeee
profondità: 8
quartooooooooooooooooooooooooooooooooooooooos
cinqueeeeeeeeeeeeeeeeeeeeeeeeeeeeeeeeeeeeee
profondità: 7
oneeeeeeeeeeeeeeeeeeeeeeeeee
treeeeeeeeeeeeeeeeeeees
quartooooooooooooooooooooooooooooooooooooooos
cinqueeeeeeeeeeeeeeeeeeeeeeeeeeeeeeeeeeeeee
profondità: 8
quartooooooooooooooooooooooooooooooooooooooos
cinqueeeeeeeeeeeeeeeeeeeeeeeeeeeeeeeeeeeeee
profondità: 8
quartooooooooooooooooooooooooooooooooooooooos
cinqueeeeeeeeeeeeeeeeeeeeeeeeeeeeeeeeeeeeee
profondità: 6
oneeeeeeeeeeeeeeeeeeeeeeeeee
treeeeeeeeeeeeeeeeeeees
quartooooooooooooooooooooooooooooooooooooooos
cinqueeeeeeeeeeeeeeeeeeeeeeeeeeeeeeeeeeeeee
profondità: 7
oneeeeeeeeeeeeeeeeeeeeeeeeee
treeeeeeeeeeeeeeeeeeees
quartooooooooooooooooooooooooooooooooooooooos
cinqueeeeeeeeeeeeeeeeeeeeeeeeeeeeeeeeeeeeee
profondità: 8
quartooooooooooooooooooooooooooooooooooooooos
cinqueeeeeeeeeeeeeeeeeeeeeeeeeeeeeeeeeeeeee
profondità: 8
quartooooooooooooooooooooooooooooooooooooooos
cinqueeeeeeeeeeeeeeeeeeeeeeeeeeeeeeeeeeeeee
profondità: 7
oneeeeeeeeeeeeeeeeeeeeeeeeee
treeeeeeeeeeeeeeeeeeees
quartooooooooooooooooooooooooooooooooooooooos
cinqueeeeeeeeeeeeeeeeeeeeeeeeeeeeeeeeeeeeee
profondità: 8
quartooooooooooooooooooooooooooooooooooooooos
cinqueeeeeeeeeeeeeeeeeeeeeeeeeeeeeeeeeeeeee
profondità: 8
quartooooooooooooooooooooooooooooooooooooooos
cinqueeeeeeeeeeeeeeeeeeeeeeeeeeeeeeeeeeeeee
profondità: 4
oneeeeeeeeeeeeeeeeeeeeeeeeee
treeeeeeeeeeeeeeeeeeees
quartooooooooooooooooooooooooooooooooooooooos
cinqueeeeeeeeeeeeeeeeeeeeeeeeeeeeeeeeeeeeee
profondità: 5
oneeeeeeeeeeeeeeeeeeeeeeeeee
treeeeeeeeeeeeeeeeeeees
quartooooooooooooooooooooooooooooooooooooooos
cinqueeeeeeeeeeeeeeeeeeeeeeeeeeeeeeeeeeeeee
profondità: 6
oneeeeeeeeeeeeeeeeeeeeeeeeee
treeeeeeeeeeeeeeeeeeees
quartooooooooooooooooooooooooooooooooooooooos
cinqueeeeeeeeeeeeeeeeeeeeeeeeeeeeeeeeeeeeee
profondità: 7
oneeeeeeeeeeeeeeeeeeeeeeeeee
treeeeeeeeeeeeeeeeeeees
quartooooooooooooooooooooooooooooooooooooooos
cinqueeeeeeeeeeeeeeeeeeeeeeeeeeeeeeeeeeeeee
profondità: 8
quartooooooooooooooooooooooooooooooooooooooos
cinqueeeeeeeeeeeeeeeeeeeeeeeeeeeeeeeeeeeeee
profondità: 8
quartooooooooooooooooooooooooooooooooooooooos
cinqueeeeeeeeeeeeeeeeeeeeeeeeeeeeeeeeeeeeee
profondità: 7
oneeeeeeeeeeeeeeeeeeeeeeeeee
treeeeeeeeeeeeeeeeeeees
quartooooooooooooooooooooooooooooooooooooooos
cinqueeeeeeeeeeeeeeeeeeeeeeeeeeeeeeeeeeeeee
profondità: 8
quartooooooooooooooooooooooooooooooooooooooos
cinqueeeeeeeeeeeeeeeeeeeeeeeeeeeeeeeeeeeeee
profondità: 8
quartooooooooooooooooooooooooooooooooooooooos
cinqueeeeeeeeeeeeeeeeeeeeeeeeeeeeeeeeeeeeee
profondità: 6
oneeeeeeeeeeeeeeeeeeeeeeeeee
treeeeeeeeeeeeeeeeeeees
quartooooooooooooooooooooooooooooooooooooooos
cinqueeeeeeeeeeeeeeeeeeeeeeeeeeeeeeeeeeeeee
profondità: 7
oneeeeeeeeeeeeeeeeeeeeeeeeee
treeeeeeeeeeeeeeeeeeees
quartooooooooooooooooooooooooooooooooooooooos
cinqueeeeeeeeeeeeeeeeeeeeeeeeeeeeeeeeeeeeee
profondità: 8
quartooooooooooooooooooooooooooooooooooooooos
cinqueeeeeeeeeeeeeeeeeeeeeeeeeeeeeeeeeeeeee
profondità: 8
quartooooooooooooooooooooooooooooooooooooooos
cinqueeeeeeeeeeeeeeeeeeeeeeeeeeeeeeeeeeeeee
profondità: 7
oneeeeeeeeeeeeeeeeeeeeeeeeee
treeeeeeeeeeeeeeeeeeees
quartooooooooooooooooooooooooooooooooooooooos
cinqueeeeeeeeeeeeeeeeeeeeeeeeeeeeeeeeeeeeee
profondità: 8
quartooooooooooooooooooooooooooooooooooooooos
cinqueeeeeeeeeeeeeeeeeeeeeeeeeeeeeeeeeeeeee
profondità: 8
quartooooooooooooooooooooooooooooooooooooooos
cinqueeeeeeeeeeeeeeeeeeeeeeeeeeeeeeeeeeeeee
profondità: 5
oneeeeeeeeeeeeeeeeeeeeeeeeee
treeeeeeeeeeeeeeeeeeees
quartooooooooooooooooooooooooooooooooooooooos
cinqueeeeeeeeeeeeeeeeeeeeeeeeeeeeeeeeeeeeee
profondità: 6
oneeeeeeeeeeeeeeeeeeeeeeeeee
treeeeeeeeeeeeeeeeeeees
quartooooooooooooooooooooooooooooooooooooooos
cinqueeeeeeeeeeeeeeeeeeeeeeeeeeeeeeeeeeeeee
profondità: 7
oneeeeeeeeeeeeeeeeeeeeeeeeee
treeeeeeeeeeeeeeeeeeees
quartooooooooooooooooooooooooooooooooooooooos
cinqueeeeeeeeeeeeeeeeeeeeeeeeeeeeeeeeeeeeee
profondità: 8
quartooooooooooooooooooooooooooooooooooooooos
cinqueeeeeeeeeeeeeeeeeeeeeeeeeeeeeeeeeeeeee
profondità: 8
quartooooooooooooooooooooooooooooooooooooooos
cinqueeeeeeeeeeeeeeeeeeeeeeeeeeeeeeeeeeeeee
profondità: 7
oneeeeeeeeeeeeeeeeeeeeeeeeee
treeeeeeeeeeeeeeeeeeees
quartooooooooooooooooooooooooooooooooooooooos
cinqueeeeeeeeeeeeeeeeeeeeeeeeeeeeeeeeeeeeee
profondità: 8
quartooooooooooooooooooooooooooooooooooooooos
cinqueeeeeeeeeeeeeeeeeeeeeeeeeeeeeeeeeeeeee
profondità: 8
quartooooooooooooooooooooooooooooooooooooooos
cinqueeeeeeeeeeeeeeeeeeeeeeeeeeeeeeeeeeeeee
profondità: 6
oneeeeeeeeeeeeeeeeeeeeeeeeee
treeeeeeeeeeeeeeeeeeees
quartooooooooooooooooooooooooooooooooooooooos
cinqueeeeeeeeeeeeeeeeeeeeeeeeeeeeeeeeeeeeee
profondità: 7
oneeeeeeeeeeeeeeeeeeeeeeeeee
treeeeeeeeeeeeeeeeeeees
quartooooooooooooooooooooooooooooooooooooooos
cinqueeeeeeeeeeeeeeeeeeeeeeeeeeeeeeeeeeeeee
profondità: 8
quartooooooooooooooooooooooooooooooooooooooos
cinqueeeeeeeeeeeeeeeeeeeeeeeeeeeeeeeeeeeeee
profondità: 8
quartooooooooooooooooooooooooooooooooooooooos
cinqueeeeeeeeeeeeeeeeeeeeeeeeeeeeeeeeeeeeee
profondità: 7
oneeeeeeeeeeeeeeeeeeeeeeeeee
treeeeeeeeeeeeeeeeeeees
quartooooooooooooooooooooooooooooooooooooooos
cinqueeeeeeeeeeeeeeeeeeeeeeeeeeeeeeeeeeeeee
profondità: 8
quartooooooooooooooooooooooooooooooooooooooos
cinqueeeeeeeeeeeeeeeeeeeeeeeeeeeeeeeeeeeeee
profondità: 8
quartooooooooooooooooooooooooooooooooooooooos
cinqueeeeeeeeeeeeeeeeeeeeeeeeeeeeeeeeeeeeee
profondità: 3
oneeeeeeeeeeeeeeeeeeeeeeeeee
treeeeeeeeeeeeeeeeeeees
quartooooooooooooooooooooooooooooooooooooooos
cinqueeeeeeeeeeeeeeeeeeeeeeeeeeeeeeeeeeeeee
profondità: 4
oneeeeeeeeeeeeeeeeeeeeeeeeee
treeeeeeeeeeeeeeeeeeees
quartooooooooooooooooooooooooooooooooooooooos
cinqueeeeeeeeeeeeeeeeeeeeeeeeeeeeeeeeeeeeee
profondità: 5
oneeeeeeeeeeeeeeeeeeeeeeeeee
treeeeeeeeeeeeeeeeeeees
quartooooooooooooooooooooooooooooooooooooooos
cinqueeeeeeeeeeeeeeeeeeeeeeeeeeeeeeeeeeeeee
profondità: 6
oneeeeeeeeeeeeeeeeeeeeeeeeee
treeeeeeeeeeeeeeeeeeees
quartooooooooooooooooooooooooooooooooooooooos
cinqueeeeeeeeeeeeeeeeeeeeeeeeeeeeeeeeeeeeee
profondità: 7
oneeeeeeeeeeeeeeeeeeeeeeeeee
treeeeeeeeeeeeeeeeeeees
quartooooooooooooooooooooooooooooooooooooooos
cinqueeeeeeeeeeeeeeeeeeeeeeeeeeeeeeeeeeeeee
profondità: 8
quartooooooooooooooooooooooooooooooooooooooos
cinqueeeeeeeeeeeeeeeeeeeeeeeeeeeeeeeeeeeeee
profondità: 8
quartooooooooooooooooooooooooooooooooooooooos
cinqueeeeeeeeeeeeeeeeeeeeeeeeeeeeeeeeeeeeee
profondità: 7
oneeeeeeeeeeeeeeeeeeeeeeeeee
treeeeeeeeeeeeeeeeeeees
quartooooooooooooooooooooooooooooooooooooooos
cinqueeeeeeeeeeeeeeeeeeeeeeeeeeeeeeeeeeeeee
profondità: 8
quartooooooooooooooooooooooooooooooooooooooos
cinqueeeeeeeeeeeeeeeeeeeeeeeeeeeeeeeeeeeeee
profondità: 8
quartooooooooooooooooooooooooooooooooooooooos
cinqueeeeeeeeeeeeeeeeeeeeeeeeeeeeeeeeeeeeee
profondità: 6
oneeeeeeeeeeeeeeeeeeeeeeeeee
treeeeeeeeeeeeeeeeeeees
quartooooooooooooooooooooooooooooooooooooooos
cinqueeeeeeeeeeeeeeeeeeeeeeeeeeeeeeeeeeeeee
profondità: 7
oneeeeeeeeeeeeeeeeeeeeeeeeee
treeeeeeeeeeeeeeeeeeees
quartooooooooooooooooooooooooooooooooooooooos
cinqueeeeeeeeeeeeeeeeeeeeeeeeeeeeeeeeeeeeee
profondità: 8
quartooooooooooooooooooooooooooooooooooooooos
cinqueeeeeeeeeeeeeeeeeeeeeeeeeeeeeeeeeeeeee
profondità: 8
quartooooooooooooooooooooooooooooooooooooooos
cinqueeeeeeeeeeeeeeeeeeeeeeeeeeeeeeeeeeeeee
profondità: 7
oneeeeeeeeeeeeeeeeeeeeeeeeee
treeeeeeeeeeeeeeeeeeees
quartooooooooooooooooooooooooooooooooooooooos
cinqueeeeeeeeeeeeeeeeeeeeeeeeeeeeeeeeeeeeee
profondità: 8
quartooooooooooooooooooooooooooooooooooooooos
cinqueeeeeeeeeeeeeeeeeeeeeeeeeeeeeeeeeeeeee
profondità: 8
quartooooooooooooooooooooooooooooooooooooooos
cinqueeeeeeeeeeeeeeeeeeeeeeeeeeeeeeeeeeeeee
profondità: 5
oneeeeeeeeeeeeeeeeeeeeeeeeee
treeeeeeeeeeeeeeeeeeees
quartooooooooooooooooooooooooooooooooooooooos
cinqueeeeeeeeeeeeeeeeeeeeeeeeeeeeeeeeeeeeee
profondità: 6
oneeeeeeeeeeeeeeeeeeeeeeeeee
treeeeeeeeeeeeeeeeeeees
quartooooooooooooooooooooooooooooooooooooooos
cinqueeeeeeeeeeeeeeeeeeeeeeeeeeeeeeeeeeeeee
profondità: 7
oneeeeeeeeeeeeeeeeeeeeeeeeee
treeeeeeeeeeeeeeeeeeees
quartooooooooooooooooooooooooooooooooooooooos
cinqueeeeeeeeeeeeeeeeeeeeeeeeeeeeeeeeeeeeee
profondità: 8
quartooooooooooooooooooooooooooooooooooooooos
cinqueeeeeeeeeeeeeeeeeeeeeeeeeeeeeeeeeeeeee
profondità: 8
quartooooooooooooooooooooooooooooooooooooooos
cinqueeeeeeeeeeeeeeeeeeeeeeeeeeeeeeeeeeeeee
profondità: 7
oneeeeeeeeeeeeeeeeeeeeeeeeee
treeeeeeeeeeeeeeeeeeees
quartooooooooooooooooooooooooooooooooooooooos
cinqueeeeeeeeeeeeeeeeeeeeeeeeeeeeeeeeeeeeee
profondità: 8
quartooooooooooooooooooooooooooooooooooooooos
cinqueeeeeeeeeeeeeeeeeeeeeeeeeeeeeeeeeeeeee
profondità: 8
quartooooooooooooooooooooooooooooooooooooooos
cinqueeeeeeeeeeeeeeeeeeeeeeeeeeeeeeeeeeeeee
profondità: 6
oneeeeeeeeeeeeeeeeeeeeeeeeee
treeeeeeeeeeeeeeeeeeees
quartooooooooooooooooooooooooooooooooooooooos
cinqueeeeeeeeeeeeeeeeeeeeeeeeeeeeeeeeeeeeee
profondità: 7
oneeeeeeeeeeeeeeeeeeeeeeeeee
treeeeeeeeeeeeeeeeeeees
quartooooooooooooooooooooooooooooooooooooooos
cinqueeeeeeeeeeeeeeeeeeeeeeeeeeeeeeeeeeeeee
profondità: 8
quartooooooooooooooooooooooooooooooooooooooos
cinqueeeeeeeeeeeeeeeeeeeeeeeeeeeeeeeeeeeeee
profondità: 8
quartooooooooooooooooooooooooooooooooooooooos
cinqueeeeeeeeeeeeeeeeeeeeeeeeeeeeeeeeeeeeee
profondità: 7
oneeeeeeeeeeeeeeeeeeeeeeeeee
treeeeeeeeeeeeeeeeeeees
quartooooooooooooooooooooooooooooooooooooooos
cinqueeeeeeeeeeeeeeeeeeeeeeeeeeeeeeeeeeeeee
profondità: 8
[...]
profondità: 6
oneeeeeeeeeeeeeeeeeeeeeeeeee
dooooooooooooooooooooooooooooooos
quartooooooooooooooooooooooooooooooooooooooos
cinqueeeeeeeeeeeeeeeeeeeeeeeeeeeeeeeeeeeeee
profondità: 5
oneeeeeeeeeeeeeeeeeeeeeeeeee
treeeeeeeeeeeeeeeeeeees
quartooooooooooooooooooooooooooooooooooooooos
cinqueeeeeeeeeeeeeeeeeeeeeeeeeeeeeeeeeeeeee
profondità: 6
oneeeeeeeeeeeeeeeeeeeeeeeeee
treeeeeeeeeeeeeeeeeeees
quartooooooooooooooooooooooooooooooooooooooos
cinqueeeeeeeeeeeeeeeeeeeeeeeeeeeeeeeeeeeeee
profondità: 7
oneeeeeeeeeeeeeeeeeeeeeeeeee
treeeeeeeeeeeeeeeeeeees
quartooooooooooooooooooooooooooooooooooooooos
cinqueeeeeeeeeeeeeeeeeeeeeeeeeeeeeeeeeeeeee
profondità: 8
quartooooooooooooooooooooooooooooooooooooooos
cinqueeeeeeeeeeeeeeeeeeeeeeeeeeeeeeeeeeeeee
profondità: 8
quartooooooooooooooooooooooooooooooooooooooos
cinqueeeeeeeeeeeeeeeeeeeeeeeeeeeeeeeeeeeeee
profondità: 7
oneeeeeeeeeeeeeeeeeeeeeeeeee
treeeeeeeeeeeeeeeeeeees
quartooooooooooooooooooooooooooooooooooooooos
cinqueeeeeeeeeeeeeeeeeeeeeeeeeeeeeeeeeeeeee
profondità: 8
quartooooooooooooooooooooooooooooooooooooooos
cinqueeeeeeeeeeeeeeeeeeeeeeeeeeeeeeeeeeeeee
profondità: 8
quartooooooooooooooooooooooooooooooooooooooos
cinqueeeeeeeeeeeeeeeeeeeeeeeeeeeeeeeeeeeeee
profondità: 6
oneeeeeeeeeeeeeeeeeeeeeeeeee
treeeeeeeeeeeeeeeeeeees
quartooooooooooooooooooooooooooooooooooooooos
cinqueeeeeeeeeeeeeeeeeeeeeeeeeeeeeeeeeeeeee
profondità: 7
oneeeeeeeeeeeeeeeeeeeeeeeeee
treeeeeeeeeeeeeeeeeeees
quartooooooooooooooooooooooooooooooooooooooos
cinqueeeeeeeeeeeeeeeeeeeeeeeeeeeeeeeeeeeeee
profondità: 8
quartooooooooooooooooooooooooooooooooooooooos
cinqueeeeeeeeeeeeeeeeeeeeeeeeeeeeeeeeeeeeee
profondità: 8
quartooooooooooooooooooooooooooooooooooooooos
cinqueeeeeeeeeeeeeeeeeeeeeeeeeeeeeeeeeeeeee
profondità: 7
oneeeeeeeeeeeeeeeeeeeeeeeeee
treeeeeeeeeeeeeeeeeeees
quartooooooooooooooooooooooooooooooooooooooos
cinqueeeeeeeeeeeeeeeeeeeeeeeeeeeeeeeeeeeeee
profondità: 8
quartooooooooooooooooooooooooooooooooooooooos
cinqueeeeeeeeeeeeeeeeeeeeeeeeeeeeeeeeeeeeee
profondità: 8
quartooooooooooooooooooooooooooooooooooooooos
cinqueeeeeeeeeeeeeeeeeeeeeeeeeeeeeeeeeeeeee
profondità: 4
oneeeeeeeeeeeeeeeeeeeeeeeeee
treeeeeeeeeeeeeeeeeeees
quartooooooooooooooooooooooooooooooooooooooos
cinqueeeeeeeeeeeeeeeeeeeeeeeeeeeeeeeeeeeeee
profondità: 5
oneeeeeeeeeeeeeeeeeeeeeeeeee
treeeeeeeeeeeeeeeeeeees
quartooooooooooooooooooooooooooooooooooooooos
cinqueeeeeeeeeeeeeeeeeeeeeeeeeeeeeeeeeeeeee
profondità: 6
oneeeeeeeeeeeeeeeeeeeeeeeeee
treeeeeeeeeeeeeeeeeeees
quartooooooooooooooooooooooooooooooooooooooos
cinqueeeeeeeeeeeeeeeeeeeeeeeeeeeeeeeeeeeeee
profondità: 7
oneeeeeeeeeeeeeeeeeeeeeeeeee
treeeeeeeeeeeeeeeeeeees
quartooooooooooooooooooooooooooooooooooooooos
cinqueeeeeeeeeeeeeeeeeeeeeeeeeeeeeeeeeeeeee
profondità: 8
quartooooooooooooooooooooooooooooooooooooooos
cinqueeeeeeeeeeeeeeeeeeeeeeeeeeeeeeeeeeeeee
profondità: 8
quartooooooooooooooooooooooooooooooooooooooos
cinqueeeeeeeeeeeeeeeeeeeeeeeeeeeeeeeeeeeeee
profondità: 7
oneeeeeeeeeeeeeeeeeeeeeeeeee
treeeeeeeeeeeeeeeeeeees
quartooooooooooooooooooooooooooooooooooooooos
cinqueeeeeeeeeeeeeeeeeeeeeeeeeeeeeeeeeeeeee
profondità: 8
quartooooooooooooooooooooooooooooooooooooooos
cinqueeeeeeeeeeeeeeeeeeeeeeeeeeeeeeeeeeeeee
profondità: 8
quartooooooooooooooooooooooooooooooooooooooos
cinqueeeeeeeeeeeeeeeeeeeeeeeeeeeeeeeeeeeeee
profondità: 6
oneeeeeeeeeeeeeeeeeeeeeeeeee
treeeeeeeeeeeeeeeeeeees
quartooooooooooooooooooooooooooooooooooooooos
cinqueeeeeeeeeeeeeeeeeeeeeeeeeeeeeeeeeeeeee
profondità: 7
oneeeeeeeeeeeeeeeeeeeeeeeeee
treeeeeeeeeeeeeeeeeeees
quartooooooooooooooooooooooooooooooooooooooos
cinqueeeeeeeeeeeeeeeeeeeeeeeeeeeeeeeeeeeeee
profondità: 8
quartooooooooooooooooooooooooooooooooooooooos
cinqueeeeeeeeeeeeeeeeeeeeeeeeeeeeeeeeeeeeee
profondità: 8
quartooooooooooooooooooooooooooooooooooooooos
cinqueeeeeeeeeeeeeeeeeeeeeeeeeeeeeeeeeeeeee
profondità: 7
oneeeeeeeeeeeeeeeeeeeeeeeeee
treeeeeeeeeeeeeeeeeeees
quartooooooooooooooooooooooooooooooooooooooos
cinqueeeeeeeeeeeeeeeeeeeeeeeeeeeeeeeeeeeeee
profondità: 8
quartooooooooooooooooooooooooooooooooooooooos
cinqueeeeeeeeeeeeeeeeeeeeeeeeeeeeeeeeeeeeee
profondità: 8
quartooooooooooooooooooooooooooooooooooooooos
cinqueeeeeeeeeeeeeeeeeeeeeeeeeeeeeeeeeeeeee
profondità: 5
oneeeeeeeeeeeeeeeeeeeeeeeeee
treeeeeeeeeeeeeeeeeeees
quartooooooooooooooooooooooooooooooooooooooos
cinqueeeeeeeeeeeeeeeeeeeeeeeeeeeeeeeeeeeeee
profondità: 6
oneeeeeeeeeeeeeeeeeeeeeeeeee
treeeeeeeeeeeeeeeeeeees
quartooooooooooooooooooooooooooooooooooooooos
cinqueeeeeeeeeeeeeeeeeeeeeeeeeeeeeeeeeeeeee
profondità: 7
oneeeeeeeeeeeeeeeeeeeeeeeeee
treeeeeeeeeeeeeeeeeeees
quartooooooooooooooooooooooooooooooooooooooos
cinqueeeeeeeeeeeeeeeeeeeeeeeeeeeeeeeeeeeeee
profondità: 8
quartooooooooooooooooooooooooooooooooooooooos
cinqueeeeeeeeeeeeeeeeeeeeeeeeeeeeeeeeeeeeee
profondità: 8
quartooooooooooooooooooooooooooooooooooooooos
cinqueeeeeeeeeeeeeeeeeeeeeeeeeeeeeeeeeeeeee
profondità: 7
oneeeeeeeeeeeeeeeeeeeeeeeeee
treeeeeeeeeeeeeeeeeeees
quartooooooooooooooooooooooooooooooooooooooos
cinqueeeeeeeeeeeeeeeeeeeeeeeeeeeeeeeeeeeeee
profondità: 8
quartooooooooooooooooooooooooooooooooooooooos
cinqueeeeeeeeeeeeeeeeeeeeeeeeeeeeeeeeeeeeee
profondità: 8
quartooooooooooooooooooooooooooooooooooooooos
cinqueeeeeeeeeeeeeeeeeeeeeeeeeeeeeeeeeeeeee
profondità: 6
oneeeeeeeeeeeeeeeeeeeeeeeeee
treeeeeeeeeeeeeeeeeeees
quartooooooooooooooooooooooooooooooooooooooos
cinqueeeeeeeeeeeeeeeeeeeeeeeeeeeeeeeeeeeeee
profondità: 7
oneeeeeeeeeeeeeeeeeeeeeeeeee
treeeeeeeeeeeeeeeeeeees
quartooooooooooooooooooooooooooooooooooooooos
cinqueeeeeeeeeeeeeeeeeeeeeeeeeeeeeeeeeeeeee
profondità: 8
quartooooooooooooooooooooooooooooooooooooooos
cinqueeeeeeeeeeeeeeeeeeeeeeeeeeeeeeeeeeeeee
profondità: 8
quartooooooooooooooooooooooooooooooooooooooos
cinqueeeeeeeeeeeeeeeeeeeeeeeeeeeeeeeeeeeeee
profondità: 7
oneeeeeeeeeeeeeeeeeeeeeeeeee
treeeeeeeeeeeeeeeeeeees
quartooooooooooooooooooooooooooooooooooooooos
cinqueeeeeeeeeeeeeeeeeeeeeeeeeeeeeeeeeeeeee
profondità: 8
quartooooooooooooooooooooooooooooooooooooooos
cinqueeeeeeeeeeeeeeeeeeeeeeeeeeeeeeeeeeeeee
profondità: 8
quartooooooooooooooooooooooooooooooooooooooos
cinqueeeeeeeeeeeeeeeeeeeeeeeeeeeeeeeeeeeeee
profondità: 3
oneeeeeeeeeeeeeeeeeeeeeeeeee
treeeeeeeeeeeeeeeeeeees
quartooooooooooooooooooooooooooooooooooooooos
cinqueeeeeeeeeeeeeeeeeeeeeeeeeeeeeeeeeeeeee
profondità: 4
oneeeeeeeeeeeeeeeeeeeeeeeeee
treeeeeeeeeeeeeeeeeeees
quartooooooooooooooooooooooooooooooooooooooos
cinqueeeeeeeeeeeeeeeeeeeeeeeeeeeeeeeeeeeeee
profondità: 5
oneeeeeeeeeeeeeeeeeeeeeeeeee
treeeeeeeeeeeeeeeeeeees
quartooooooooooooooooooooooooooooooooooooooos
cinqueeeeeeeeeeeeeeeeeeeeeeeeeeeeeeeeeeeeee
profondità: 6
oneeeeeeeeeeeeeeeeeeeeeeeeee
treeeeeeeeeeeeeeeeeeees
quartooooooooooooooooooooooooooooooooooooooos
cinqueeeeeeeeeeeeeeeeeeeeeeeeeeeeeeeeeeeeee
profondità: 7
oneeeeeeeeeeeeeeeeeeeeeeeeee
treeeeeeeeeeeeeeeeeeees
quartooooooooooooooooooooooooooooooooooooooos
cinqueeeeeeeeeeeeeeeeeeeeeeeeeeeeeeeeeeeeee
profondità: 8
quartooooooooooooooooooooooooooooooooooooooos
cinqueeeeeeeeeeeeeeeeeeeeeeeeeeeeeeeeeeeeee
profondità: 8
quartooooooooooooooooooooooooooooooooooooooos
cinqueeeeeeeeeeeeeeeeeeeeeeeeeeeeeeeeeeeeee
profondità: 7
oneeeeeeeeeeeeeeeeeeeeeeeeee
treeeeeeeeeeeeeeeeeeees
quartooooooooooooooooooooooooooooooooooooooos
cinqueeeeeeeeeeeeeeeeeeeeeeeeeeeeeeeeeeeeee
profondità: 8
quartooooooooooooooooooooooooooooooooooooooos
cinqueeeeeeeeeeeeeeeeeeeeeeeeeeeeeeeeeeeeee
profondità: 8
quartooooooooooooooooooooooooooooooooooooooos
cinqueeeeeeeeeeeeeeeeeeeeeeeeeeeeeeeeeeeeee
profondità: 6
oneeeeeeeeeeeeeeeeeeeeeeeeee
treeeeeeeeeeeeeeeeeeees
quartooooooooooooooooooooooooooooooooooooooos
cinqueeeeeeeeeeeeeeeeeeeeeeeeeeeeeeeeeeeeee
profondità: 7
oneeeeeeeeeeeeeeeeeeeeeeeeee
treeeeeeeeeeeeeeeeeeees
quartooooooooooooooooooooooooooooooooooooooos
cinqueeeeeeeeeeeeeeeeeeeeeeeeeeeeeeeeeeeeee
profondità: 8
quartooooooooooooooooooooooooooooooooooooooos
cinqueeeeeeeeeeeeeeeeeeeeeeeeeeeeeeeeeeeeee
profondità: 8
quartooooooooooooooooooooooooooooooooooooooos
cinqueeeeeeeeeeeeeeeeeeeeeeeeeeeeeeeeeeeeee
profondità: 7
oneeeeeeeeeeeeeeeeeeeeeeeeee
treeeeeeeeeeeeeeeeeeees
quartooooooooooooooooooooooooooooooooooooooos
cinqueeeeeeeeeeeeeeeeeeeeeeeeeeeeeeeeeeeeee
profondità: 8
quartooooooooooooooooooooooooooooooooooooooos
cinqueeeeeeeeeeeeeeeeeeeeeeeeeeeeeeeeeeeeee
profondità: 8
quartooooooooooooooooooooooooooooooooooooooos
cinqueeeeeeeeeeeeeeeeeeeeeeeeeeeeeeeeeeeeee
profondità: 5
oneeeeeeeeeeeeeeeeeeeeeeeeee
treeeeeeeeeeeeeeeeeeees
quartooooooooooooooooooooooooooooooooooooooos
cinqueeeeeeeeeeeeeeeeeeeeeeeeeeeeeeeeeeeeee
profondità: 6
oneeeeeeeeeeeeeeeeeeeeeeeeee
treeeeeeeeeeeeeeeeeeees
quartooooooooooooooooooooooooooooooooooooooos
cinqueeeeeeeeeeeeeeeeeeeeeeeeeeeeeeeeeeeeee
profondità: 7
oneeeeeeeeeeeeeeeeeeeeeeeeee
treeeeeeeeeeeeeeeeeeees
quartooooooooooooooooooooooooooooooooooooooos
cinqueeeeeeeeeeeeeeeeeeeeeeeeeeeeeeeeeeeeee
profondità: 8
quartooooooooooooooooooooooooooooooooooooooos
cinqueeeeeeeeeeeeeeeeeeeeeeeeeeeeeeeeeeeeee
profondità: 8
quartooooooooooooooooooooooooooooooooooooooos
cinqueeeeeeeeeeeeeeeeeeeeeeeeeeeeeeeeeeeeee
profondità: 7
oneeeeeeeeeeeeeeeeeeeeeeeeee
treeeeeeeeeeeeeeeeeeees
quartooooooooooooooooooooooooooooooooooooooos
cinqueeeeeeeeeeeeeeeeeeeeeeeeeeeeeeeeeeeeee
profondità: 8
quartooooooooooooooooooooooooooooooooooooooos
cinqueeeeeeeeeeeeeeeeeeeeeeeeeeeeeeeeeeeeee
profondità: 8
quartooooooooooooooooooooooooooooooooooooooos
cinqueeeeeeeeeeeeeeeeeeeeeeeeeeeeeeeeeeeeee
profondità: 6
oneeeeeeeeeeeeeeeeeeeeeeeeee
treeeeeeeeeeeeeeeeeeees
quartooooooooooooooooooooooooooooooooooooooos
cinqueeeeeeeeeeeeeeeeeeeeeeeeeeeeeeeeeeeeee
profondità: 7
oneeeeeeeeeeeeeeeeeeeeeeeeee
treeeeeeeeeeeeeeeeeeees
quartooooooooooooooooooooooooooooooooooooooos
cinqueeeeeeeeeeeeeeeeeeeeeeeeeeeeeeeeeeeeee
profondità: 8
quartooooooooooooooooooooooooooooooooooooooos
cinqueeeeeeeeeeeeeeeeeeeeeeeeeeeeeeeeeeeeee
profondità: 8
quartooooooooooooooooooooooooooooooooooooooos
cinqueeeeeeeeeeeeeeeeeeeeeeeeeeeeeeeeeeeeee
profondità: 7
oneeeeeeeeeeeeeeeeeeeeeeeeee
treeeeeeeeeeeeeeeeeeees
quartooooooooooooooooooooooooooooooooooooooos
cinqueeeeeeeeeeeeeeeeeeeeeeeeeeeeeeeeeeeeee
profondità: 8
quartooooooooooooooooooooooooooooooooooooooos
cinqueeeeeeeeeeeeeeeeeeeeeeeeeeeeeeeeeeeeee
profondità: 8
quartooooooooooooooooooooooooooooooooooooooos
cinqueeeeeeeeeeeeeeeeeeeeeeeeeeeeeeeeeeeeee
profondità: 4
oneeeeeeeeeeeeeeeeeeeeeeeeee
treeeeeeeeeeeeeeeeeeees
quartooooooooooooooooooooooooooooooooooooooos
cinqueeeeeeeeeeeeeeeeeeeeeeeeeeeeeeeeeeeeee
profondità: 5
oneeeeeeeeeeeeeeeeeeeeeeeeee
treeeeeeeeeeeeeeeeeeees
quartooooooooooooooooooooooooooooooooooooooos
cinqueeeeeeeeeeeeeeeeeeeeeeeeeeeeeeeeeeeeee
profondità: 6
oneeeeeeeeeeeeeeeeeeeeeeeeee
treeeeeeeeeeeeeeeeeeees
quartooooooooooooooooooooooooooooooooooooooos
cinqueeeeeeeeeeeeeeeeeeeeeeeeeeeeeeeeeeeeee
profondità: 7
oneeeeeeeeeeeeeeeeeeeeeeeeee
treeeeeeeeeeeeeeeeeeees
quartooooooooooooooooooooooooooooooooooooooos
cinqueeeeeeeeeeeeeeeeeeeeeeeeeeeeeeeeeeeeee
profondità: 8
quartooooooooooooooooooooooooooooooooooooooos
cinqueeeeeeeeeeeeeeeeeeeeeeeeeeeeeeeeeeeeee
profondità: 8
quartooooooooooooooooooooooooooooooooooooooos
cinqueeeeeeeeeeeeeeeeeeeeeeeeeeeeeeeeeeeeee
profondità: 7
oneeeeeeeeeeeeeeeeeeeeeeeeee
treeeeeeeeeeeeeeeeeeees
quartooooooooooooooooooooooooooooooooooooooos
cinqueeeeeeeeeeeeeeeeeeeeeeeeeeeeeeeeeeeeee
profondità: 8
quartooooooooooooooooooooooooooooooooooooooos
cinqueeeeeeeeeeeeeeeeeeeeeeeeeeeeeeeeeeeeee
profondità: 8
quartooooooooooooooooooooooooooooooooooooooos
cinqueeeeeeeeeeeeeeeeeeeeeeeeeeeeeeeeeeeeee
profondità: 6
oneeeeeeeeeeeeeeeeeeeeeeeeee
treeeeeeeeeeeeeeeeeeees
quartooooooooooooooooooooooooooooooooooooooos
cinqueeeeeeeeeeeeeeeeeeeeeeeeeeeeeeeeeeeeee
profondità: 7
oneeeeeeeeeeeeeeeeeeeeeeeeee
treeeeeeeeeeeeeeeeeeees
quartooooooooooooooooooooooooooooooooooooooos
cinqueeeeeeeeeeeeeeeeeeeeeeeeeeeeeeeeeeeeee
profondità: 8
quartooooooooooooooooooooooooooooooooooooooos
cinqueeeeeeeeeeeeeeeeeeeeeeeeeeeeeeeeeeeeee
profondità: 8
quartooooooooooooooooooooooooooooooooooooooos
cinqueeeeeeeeeeeeeeeeeeeeeeeeeeeeeeeeeeeeee
profondità: 7
oneeeeeeeeeeeeeeeeeeeeeeeeee
treeeeeeeeeeeeeeeeeeees
quartooooooooooooooooooooooooooooooooooooooos
cinqueeeeeeeeeeeeeeeeeeeeeeeeeeeeeeeeeeeeee
profondità: 8
quartooooooooooooooooooooooooooooooooooooooos
cinqueeeeeeeeeeeeeeeeeeeeeeeeeeeeeeeeeeeeee
profondità: 8
quartooooooooooooooooooooooooooooooooooooooos
cinqueeeeeeeeeeeeeeeeeeeeeeeeeeeeeeeeeeeeee
profondità: 5
oneeeeeeeeeeeeeeeeeeeeeeeeee
treeeeeeeeeeeeeeeeeeees
quartooooooooooooooooooooooooooooooooooooooos
cinqueeeeeeeeeeeeeeeeeeeeeeeeeeeeeeeeeeeeee
profondità: 6
oneeeeeeeeeeeeeeeeeeeeeeeeee
treeeeeeeeeeeeeeeeeeees
quartooooooooooooooooooooooooooooooooooooooos
cinqueeeeeeeeeeeeeeeeeeeeeeeeeeeeeeeeeeeeee
profondità: 7
oneeeeeeeeeeeeeeeeeeeeeeeeee
treeeeeeeeeeeeeeeeeeees
quartooooooooooooooooooooooooooooooooooooooos
cinqueeeeeeeeeeeeeeeeeeeeeeeeeeeeeeeeeeeeee
profondità: 8
quartooooooooooooooooooooooooooooooooooooooos
cinqueeeeeeeeeeeeeeeeeeeeeeeeeeeeeeeeeeeeee
profondità: 8
quartooooooooooooooooooooooooooooooooooooooos
cinqueeeeeeeeeeeeeeeeeeeeeeeeeeeeeeeeeeeeee
profondità: 7
oneeeeeeeeeeeeeeeeeeeeeeeeee
treeeeeeeeeeeeeeeeeeees
quartooooooooooooooooooooooooooooooooooooooos
cinqueeeeeeeeeeeeeeeeeeeeeeeeeeeeeeeeeeeeee
profondità: 8
quartooooooooooooooooooooooooooooooooooooooos
cinqueeeeeeeeeeeeeeeeeeeeeeeeeeeeeeeeeeeeee
profondità: 8
quartooooooooooooooooooooooooooooooooooooooos
cinqueeeeeeeeeeeeeeeeeeeeeeeeeeeeeeeeeeeeee
profondità: 6
oneeeeeeeeeeeeeeeeeeeeeeeeee
treeeeeeeeeeeeeeeeeeees
quartooooooooooooooooooooooooooooooooooooooos
cinqueeeeeeeeeeeeeeeeeeeeeeeeeeeeeeeeeeeeee
profondità: 7
oneeeeeeeeeeeeeeeeeeeeeeeeee
treeeeeeeeeeeeeeeeeeees
quartooooooooooooooooooooooooooooooooooooooos
cinqueeeeeeeeeeeeeeeeeeeeeeeeeeeeeeeeeeeeee
profondità: 8
quartooooooooooooooooooooooooooooooooooooooos
cinqueeeeeeeeeeeeeeeeeeeeeeeeeeeeeeeeeeeeee
profondità: 8
quartooooooooooooooooooooooooooooooooooooooos
cinqueeeeeeeeeeeeeeeeeeeeeeeeeeeeeeeeeeeeee
profondità: 7
oneeeeeeeeeeeeeeeeeeeeeeeeee
treeeeeeeeeeeeeeeeeeees
quartooooooooooooooooooooooooooooooooooooooos
cinqueeeeeeeeeeeeeeeeeeeeeeeeeeeeeeeeeeeeee
profondità: 8
quartooooooooooooooooooooooooooooooooooooooos
cinqueeeeeeeeeeeeeeeeeeeeeeeeeeeeeeeeeeeeee
profondità: 8
quartooooooooooooooooooooooooooooooooooooooos
cinqueeeeeeeeeeeeeeeeeeeeeeeeeeeeeeeeeeeeee
profondità: 0
oneeeeeeeeeeeeeeeeeeeeeeeeee
treeeeeeeeeeeeeeeeeeees
quartooooooooooooooooooooooooooooooooooooooos
cinqueeeeeeeeeeeeeeeeeeeeeeeeeeeeeeeeeeeeee
profondità: 1
oneeeeeeeeeeeeeeeeeeeeeeeeee
treeeeeeeeeeeeeeeeeeees
quartooooooooooooooooooooooooooooooooooooooos
cinqueeeeeeeeeeeeeeeeeeeeeeeeeeeeeeeeeeeeee
profondità: 2
oneeeeeeeeeeeeeeeeeeeeeeeeee
treeeeeeeeeeeeeeeeeeees
quartooooooooooooooooooooooooooooooooooooooos
cinqueeeeeeeeeeeeeeeeeeeeeeeeeeeeeeeeeeeeee
profondità: 3
oneeeeeeeeeeeeeeeeeeeeeeeeee
dooooooooooooooooooooooooooooooos
quartooooooooooooooooooooooooooooooooooooooos
cinqueeeeeeeeeeeeeeeeeeeeeeeeeeeeeeeeeeeeee
profondità: 3
oneeeeeeeeeeeeeeeeeeeeeeeeee
dooooooooooooooooooooooooooooooos
quartooooooooooooooooooooooooooooooooooooooos
cinqueeeeeeeeeeeeeeeeeeeeeeeeeeeeeeeeeeeeee
profondità: 2
oneeeeeeeeeeeeeeeeeeeeeeeeee
treeeeeeeeeeeeeeeeeeees
quartooooooooooooooooooooooooooooooooooooooos
cinqueeeeeeeeeeeeeeeeeeeeeeeeeeeeeeeeeeeeee
profondità: 3
oneeeeeeeeeeeeeeeeeeeeeeeeee
treeeeeeeeeeeeeeeeeeees
quartooooooooooooooooooooooooooooooooooooooos
cinqueeeeeeeeeeeeeeeeeeeeeeeeeeeeeeeeeeeeee
profondità: 4
oneeeeeeeeeeeeeeeeeeeeeeeeee
dooooooooooooooooooooooooooooooos
quartooooooooooooooooooooooooooooooooooooooos
cinqueeeeeeeeeeeeeeeeeeeeeeeeeeeeeeeeeeeeee
profondità: 4
oneeeeeeeeeeeeeeeeeeeeeeeeee
treeeeeeeeeeeeeeeeeeees
quartooooooooooooooooooooooooooooooooooooooos
cinqueeeeeeeeeeeeeeeeeeeeeeeeeeeeeeeeeeeeee
profondità: 5
oneeeeeeeeeeeeeeeeeeeeeeeeee
treeeeeeeeeeeeeeeeeeees
quartooooooooooooooooooooooooooooooooooooooos
cinqueeeeeeeeeeeeeeeeeeeeeeeeeeeeeeeeeeeeee
profondità: 6
oneeeeeeeeeeeeeeeeeeeeeeeeee
dooooooooooooooooooooooooooooooos
quartooooooooooooooooooooooooooooooooooooooos
cinqueeeeeeeeeeeeeeeeeeeeeeeeeeeeeeeeeeeeee
profondità: 6
oneeeeeeeeeeeeeeeeeeeeeeeeee
treeeeeeeeeeeeeeeeeeees
quartooooooooooooooooooooooooooooooooooooooos
cinqueeeeeeeeeeeeeeeeeeeeeeeeeeeeeeeeeeeeee
profondità: 7
oneeeeeeeeeeeeeeeeeeeeeeeeee
treeeeeeeeeeeeeeeeeeees
quartooooooooooooooooooooooooooooooooooooooos
cinqueeeeeeeeeeeeeeeeeeeeeeeeeeeeeeeeeeeeee
profondità: 8
quartooooooooooooooooooooooooooooooooooooooos
cinqueeeeeeeeeeeeeeeeeeeeeeeeeeeeeeeeeeeeee
profondità: 8
quartooooooooooooooooooooooooooooooooooooooos
cinqueeeeeeeeeeeeeeeeeeeeeeeeeeeeeeeeeeeeee
profondità: 7
oneeeeeeeeeeeeeeeeeeeeeeeeee
dooooooooooooooooooooooooooooooos
quartooooooooooooooooooooooooooooooooooooooos
cinqueeeeeeeeeeeeeeeeeeeeeeeeeeeeeeeeeeeeee
profondità: 5
oneeeeeeeeeeeeeeeeeeeeeeeeee
dooooooooooooooooooooooooooooooos
quartooooooooooooooooooooooooooooooooooooooos
cinqueeeeeeeeeeeeeeeeeeeeeeeeeeeeeeeeeeeeee
profondità: 3
oneeeeeeeeeeeeeeeeeeeeeeeeee
dooooooooooooooooooooooooooooooos
quartooooooooooooooooooooooooooooooooooooooos
cinqueeeeeeeeeeeeeeeeeeeeeeeeeeeeeeeeeeeeee
profondità: 1
oneeeeeeeeeeeeeeeeeeeeeeeeee
treeeeeeeeeeeeeeeeeeees
quartooooooooooooooooooooooooooooooooooooooos
cinqueeeeeeeeeeeeeeeeeeeeeeeeeeeeeeeeeeeeee
profondità: 2
oneeeeeeeeeeeeeeeeeeeeeeeeee
treeeeeeeeeeeeeeeeeeees
quartooooooooooooooooooooooooooooooooooooooos
cinqueeeeeeeeeeeeeeeeeeeeeeeeeeeeeeeeeeeeee
profondità: 3
oneeeeeeeeeeeeeeeeeeeeeeeeee
dooooooooooooooooooooooooooooooos
quartooooooooooooooooooooooooooooooooooooooos
cinqueeeeeeeeeeeeeeeeeeeeeeeeeeeeeeeeeeeeee
profondità: 3
oneeeeeeeeeeeeeeeeeeeeeeeeee
treeeeeeeeeeeeeeeeeeees
quartooooooooooooooooooooooooooooooooooooooos
cinqueeeeeeeeeeeeeeeeeeeeeeeeeeeeeeeeeeeeee
profondità: 4
oneeeeeeeeeeeeeeeeeeeeeeeeee
treeeeeeeeeeeeeeeeeeees
quartooooooooooooooooooooooooooooooooooooooos
cinqueeeeeeeeeeeeeeeeeeeeeeeeeeeeeeeeeeeeee
profondità: 5
oneeeeeeeeeeeeeeeeeeeeeeeeee
dooooooooooooooooooooooooooooooos
quartooooooooooooooooooooooooooooooooooooooos
cinqueeeeeeeeeeeeeeeeeeeeeeeeeeeeeeeeeeeeee
profondità: 5
oneeeeeeeeeeeeeeeeeeeeeeeeee
treeeeeeeeeeeeeeeeeeees
quartooooooooooooooooooooooooooooooooooooooos
cinqueeeeeeeeeeeeeeeeeeeeeeeeeeeeeeeeeeeeee
profondità: 6
oneeeeeeeeeeeeeeeeeeeeeeeeee
treeeeeeeeeeeeeeeeeeees
quartooooooooooooooooooooooooooooooooooooooos
cinqueeeeeeeeeeeeeeeeeeeeeeeeeeeeeeeeeeeeee
profondità: 7
oneeeeeeeeeeeeeeeeeeeeeeeeee
dooooooooooooooooooooooooooooooos
quartooooooooooooooooooooooooooooooooooooooos
cinqueeeeeeeeeeeeeeeeeeeeeeeeeeeeeeeeeeeeee
profondità: 7
oneeeeeeeeeeeeeeeeeeeeeeeeee
treeeeeeeeeeeeeeeeeeees
quartooooooooooooooooooooooooooooooooooooooos
cinqueeeeeeeeeeeeeeeeeeeeeeeeeeeeeeeeeeeeee
profondità: 8
quartooooooooooooooooooooooooooooooooooooooos
cinqueeeeeeeeeeeeeeeeeeeeeeeeeeeeeeeeeeeeee
profondità: 8
quartooooooooooooooooooooooooooooooooooooooos
cinqueeeeeeeeeeeeeeeeeeeeeeeeeeeeeeeeeeeeee
profondità: 6
oneeeeeeeeeeeeeeeeeeeeeeeeee
dooooooooooooooooooooooooooooooos
quartooooooooooooooooooooooooooooooooooooooos
cinqueeeeeeeeeeeeeeeeeeeeeeeeeeeeeeeeeeeeee
profondità: 4
oneeeeeeeeeeeeeeeeeeeeeeeeee
dooooooooooooooooooooooooooooooos
quartooooooooooooooooooooooooooooooooooooooos
cinqueeeeeeeeeeeeeeeeeeeeeeeeeeeeeeeeeeeeee
profondità: 2
oneeeeeeeeeeeeeeeeeeeeeeeeee
dooooooooooooooooooooooooooooooos
Trovati 7 percorsi entro +20% del migliore:

Percorsi di lunghezza:
1081.68m
1036.32m
1088m
966.3m
926.38m
962.898m
978.847m
File OMAP con percorso salvato: mappa_con_percorso.omap
===============================================================================
[doctest] test cases: 20 | 20 passed | 0 failed | 0 skipped
[doctest] assertions: 53 | 53 passed | 0 failed |
[doctest] Status: SUCCESS!
<end of output>
Test time =   2.32 sec
----------------------------------------------------------
Test Passed.
"progetto.t" end time: Jul 06 11:47 CEST
"progetto.t" time elapsed: 00:00:02
----------------------------------------------------------

End testing: Jul 06 11:47 CEST
